This is pdfTeX, Version 3.141592653-2.6-1.40.23 (TeX Live 2021/W32TeX) (preloaded format=pdflatex 2021.9.13)  15 NOV 2021 15:30
entering extended mode
 restricted \write18 enabled.
 %&-line parsing enabled.
**principal.tex
(./principal.tex
LaTeX2e <2021-06-01> patch level 1
L3 programming layer <2021-08-27>
(c:/texlive/2021/texmf-dist/tex/latex/base/book.cls
Document Class: book 2021/02/12 v1.4n Standard LaTeX document class
(c:/texlive/2021/texmf-dist/tex/latex/base/bk12.clo
File: bk12.clo 2021/02/12 v1.4n Standard LaTeX file (size option)
)
\c@part=\count182
\c@chapter=\count183
\c@section=\count184
\c@subsection=\count185
\c@subsubsection=\count186
\c@paragraph=\count187
\c@subparagraph=\count188
\c@figure=\count189
\c@table=\count190
\abovecaptionskip=\skip47
\belowcaptionskip=\skip48
\bibindent=\dimen138
)
(c:/texlive/2021/texmf-dist/tex/latex/base/inputenc.sty
Package: inputenc 2021/02/14 v1.3d Input encoding file
\inpenc@prehook=\toks16
\inpenc@posthook=\toks17

(c:/texlive/2021/texmf-dist/tex/latex/base/latin1.def
File: latin1.def 2021/02/14 v1.3d Input encoding file
))
(c:/texlive/2021/texmf-dist/tex/latex/amsmath/amsmath.sty
Package: amsmath 2021/04/20 v2.17j AMS math features
\@mathmargin=\skip49

For additional information on amsmath, use the `?' option.
(c:/texlive/2021/texmf-dist/tex/latex/amsmath/amstext.sty
Package: amstext 2000/06/29 v2.01 AMS text

(c:/texlive/2021/texmf-dist/tex/latex/amsmath/amsgen.sty
File: amsgen.sty 1999/11/30 v2.0 generic functions
\@emptytoks=\toks18
\ex@=\dimen139
))
(c:/texlive/2021/texmf-dist/tex/latex/amsmath/amsbsy.sty
Package: amsbsy 1999/11/29 v1.2d Bold Symbols
\pmbraise@=\dimen140
)
(c:/texlive/2021/texmf-dist/tex/latex/amsmath/amsopn.sty
Package: amsopn 2016/03/08 v2.02 operator names
)
\inf@bad=\count191
LaTeX Info: Redefining \frac on input line 234.
\uproot@=\count192
\leftroot@=\count193
LaTeX Info: Redefining \overline on input line 399.
\classnum@=\count194
\DOTSCASE@=\count195
LaTeX Info: Redefining \ldots on input line 496.
LaTeX Info: Redefining \dots on input line 499.
LaTeX Info: Redefining \cdots on input line 620.
\Mathstrutbox@=\box50
\strutbox@=\box51
\big@size=\dimen141
LaTeX Font Info:    Redeclaring font encoding OML on input line 743.
LaTeX Font Info:    Redeclaring font encoding OMS on input line 744.
\macc@depth=\count196
\c@MaxMatrixCols=\count197
\dotsspace@=\muskip16
\c@parentequation=\count198
\dspbrk@lvl=\count199
\tag@help=\toks19
\row@=\count266
\column@=\count267
\maxfields@=\count268
\andhelp@=\toks20
\eqnshift@=\dimen142
\alignsep@=\dimen143
\tagshift@=\dimen144
\tagwidth@=\dimen145
\totwidth@=\dimen146
\lineht@=\dimen147
\@envbody=\toks21
\multlinegap=\skip50
\multlinetaggap=\skip51
\mathdisplay@stack=\toks22
LaTeX Info: Redefining \[ on input line 2923.
LaTeX Info: Redefining \] on input line 2924.
)
(c:/texlive/2021/texmf-dist/tex/latex/amsfonts/amsfonts.sty
Package: amsfonts 2013/01/14 v3.01 Basic AMSFonts support
\symAMSa=\mathgroup4
\symAMSb=\mathgroup5
LaTeX Font Info:    Redeclaring math symbol \hbar on input line 98.
LaTeX Font Info:    Overwriting math alphabet `\mathfrak' in version `bold'
(Font)                  U/euf/m/n --> U/euf/b/n on input line 106.
)
(c:/texlive/2021/texmf-dist/tex/latex/amsfonts/amssymb.sty
Package: amssymb 2013/01/14 v3.01 AMS font symbols
)
(c:/texlive/2021/texmf-dist/tex/latex/base/makeidx.sty
Package: makeidx 2014/09/29 v1.0m Standard LaTeX package
)
(c:/texlive/2021/texmf-dist/tex/latex/graphics/graphicx.sty
Package: graphicx 2020/12/05 v1.2c Enhanced LaTeX Graphics (DPC,SPQR)

(c:/texlive/2021/texmf-dist/tex/latex/graphics/keyval.sty
Package: keyval 2014/10/28 v1.15 key=value parser (DPC)
\KV@toks@=\toks23
)
(c:/texlive/2021/texmf-dist/tex/latex/graphics/graphics.sty
Package: graphics 2021/03/04 v1.4d Standard LaTeX Graphics (DPC,SPQR)

(c:/texlive/2021/texmf-dist/tex/latex/graphics/trig.sty
Package: trig 2016/01/03 v1.10 sin cos tan (DPC)
)
(c:/texlive/2021/texmf-dist/tex/latex/graphics-cfg/graphics.cfg
File: graphics.cfg 2016/06/04 v1.11 sample graphics configuration
)
Package graphics Info: Driver file: pdftex.def on input line 107.

(c:/texlive/2021/texmf-dist/tex/latex/graphics-def/pdftex.def
File: pdftex.def 2020/10/05 v1.2a Graphics/color driver for pdftex
))
\Gin@req@height=\dimen148
\Gin@req@width=\dimen149
)
(c:/texlive/2021/texmf-dist/tex/latex/base/latexsym.sty
Package: latexsym 1998/08/17 v2.2e Standard LaTeX package (lasy symbols)
\symlasy=\mathgroup6
LaTeX Font Info:    Overwriting symbol font `lasy' in version `bold'
(Font)                  U/lasy/m/n --> U/lasy/b/n on input line 52.
)
(c:/texlive/2021/texmf-dist/tex/latex/pgf/frontendlayer/tikz.sty
(c:/texlive/2021/texmf-dist/tex/latex/pgf/basiclayer/pgf.sty
(c:/texlive/2021/texmf-dist/tex/latex/pgf/utilities/pgfrcs.sty
(c:/texlive/2021/texmf-dist/tex/generic/pgf/utilities/pgfutil-common.tex
\pgfutil@everybye=\toks24
\pgfutil@tempdima=\dimen150
\pgfutil@tempdimb=\dimen151

(c:/texlive/2021/texmf-dist/tex/generic/pgf/utilities/pgfutil-common-lists.tex)
) (c:/texlive/2021/texmf-dist/tex/generic/pgf/utilities/pgfutil-latex.def
\pgfutil@abb=\box52
)
(c:/texlive/2021/texmf-dist/tex/generic/pgf/utilities/pgfrcs.code.tex
(c:/texlive/2021/texmf-dist/tex/generic/pgf/pgf.revision.tex)
Package: pgfrcs 2021/05/15 v3.1.9a (3.1.9a)
))
Package: pgf 2021/05/15 v3.1.9a (3.1.9a)

(c:/texlive/2021/texmf-dist/tex/latex/pgf/basiclayer/pgfcore.sty
(c:/texlive/2021/texmf-dist/tex/latex/pgf/systemlayer/pgfsys.sty
(c:/texlive/2021/texmf-dist/tex/generic/pgf/systemlayer/pgfsys.code.tex
Package: pgfsys 2021/05/15 v3.1.9a (3.1.9a)

(c:/texlive/2021/texmf-dist/tex/generic/pgf/utilities/pgfkeys.code.tex
\pgfkeys@pathtoks=\toks25
\pgfkeys@temptoks=\toks26

(c:/texlive/2021/texmf-dist/tex/generic/pgf/utilities/pgfkeysfiltered.code.tex
\pgfkeys@tmptoks=\toks27
))
\pgf@x=\dimen152
\pgf@y=\dimen153
\pgf@xa=\dimen154
\pgf@ya=\dimen155
\pgf@xb=\dimen156
\pgf@yb=\dimen157
\pgf@xc=\dimen158
\pgf@yc=\dimen159
\pgf@xd=\dimen160
\pgf@yd=\dimen161
\w@pgf@writea=\write3
\r@pgf@reada=\read2
\c@pgf@counta=\count269
\c@pgf@countb=\count270
\c@pgf@countc=\count271
\c@pgf@countd=\count272
\t@pgf@toka=\toks28
\t@pgf@tokb=\toks29
\t@pgf@tokc=\toks30
\pgf@sys@id@count=\count273
 (c:/texlive/2021/texmf-dist/tex/generic/pgf/systemlayer/pgf.cfg
File: pgf.cfg 2021/05/15 v3.1.9a (3.1.9a)
)
Driver file for pgf: pgfsys-pdftex.def

(c:/texlive/2021/texmf-dist/tex/generic/pgf/systemlayer/pgfsys-pdftex.def
File: pgfsys-pdftex.def 2021/05/15 v3.1.9a (3.1.9a)

(c:/texlive/2021/texmf-dist/tex/generic/pgf/systemlayer/pgfsys-common-pdf.def
File: pgfsys-common-pdf.def 2021/05/15 v3.1.9a (3.1.9a)
)))
(c:/texlive/2021/texmf-dist/tex/generic/pgf/systemlayer/pgfsyssoftpath.code.tex
File: pgfsyssoftpath.code.tex 2021/05/15 v3.1.9a (3.1.9a)
\pgfsyssoftpath@smallbuffer@items=\count274
\pgfsyssoftpath@bigbuffer@items=\count275
)
(c:/texlive/2021/texmf-dist/tex/generic/pgf/systemlayer/pgfsysprotocol.code.tex
File: pgfsysprotocol.code.tex 2021/05/15 v3.1.9a (3.1.9a)
)) (c:/texlive/2021/texmf-dist/tex/latex/xcolor/xcolor.sty
Package: xcolor 2016/05/11 v2.12 LaTeX color extensions (UK)

(c:/texlive/2021/texmf-dist/tex/latex/graphics-cfg/color.cfg
File: color.cfg 2016/01/02 v1.6 sample color configuration
)
Package xcolor Info: Driver file: pdftex.def on input line 225.
Package xcolor Info: Model `cmy' substituted by `cmy0' on input line 1348.
Package xcolor Info: Model `hsb' substituted by `rgb' on input line 1352.
Package xcolor Info: Model `RGB' extended on input line 1364.
Package xcolor Info: Model `HTML' substituted by `rgb' on input line 1366.
Package xcolor Info: Model `Hsb' substituted by `hsb' on input line 1367.
Package xcolor Info: Model `tHsb' substituted by `hsb' on input line 1368.
Package xcolor Info: Model `HSB' substituted by `hsb' on input line 1369.
Package xcolor Info: Model `Gray' substituted by `gray' on input line 1370.
Package xcolor Info: Model `wave' substituted by `hsb' on input line 1371.
)
(c:/texlive/2021/texmf-dist/tex/generic/pgf/basiclayer/pgfcore.code.tex
Package: pgfcore 2021/05/15 v3.1.9a (3.1.9a)

(c:/texlive/2021/texmf-dist/tex/generic/pgf/math/pgfmath.code.tex
(c:/texlive/2021/texmf-dist/tex/generic/pgf/math/pgfmathcalc.code.tex
(c:/texlive/2021/texmf-dist/tex/generic/pgf/math/pgfmathutil.code.tex)
(c:/texlive/2021/texmf-dist/tex/generic/pgf/math/pgfmathparser.code.tex
\pgfmath@dimen=\dimen162
\pgfmath@count=\count276
\pgfmath@box=\box53
\pgfmath@toks=\toks31
\pgfmath@stack@operand=\toks32
\pgfmath@stack@operation=\toks33
)
(c:/texlive/2021/texmf-dist/tex/generic/pgf/math/pgfmathfunctions.code.tex
(c:/texlive/2021/texmf-dist/tex/generic/pgf/math/pgfmathfunctions.basic.code.te
x)
(c:/texlive/2021/texmf-dist/tex/generic/pgf/math/pgfmathfunctions.trigonometric
.code.tex)
(c:/texlive/2021/texmf-dist/tex/generic/pgf/math/pgfmathfunctions.random.code.t
ex)
(c:/texlive/2021/texmf-dist/tex/generic/pgf/math/pgfmathfunctions.comparison.co
de.tex)
(c:/texlive/2021/texmf-dist/tex/generic/pgf/math/pgfmathfunctions.base.code.tex
)
(c:/texlive/2021/texmf-dist/tex/generic/pgf/math/pgfmathfunctions.round.code.te
x)
(c:/texlive/2021/texmf-dist/tex/generic/pgf/math/pgfmathfunctions.misc.code.tex
)
(c:/texlive/2021/texmf-dist/tex/generic/pgf/math/pgfmathfunctions.integerarithm
etics.code.tex)))
(c:/texlive/2021/texmf-dist/tex/generic/pgf/math/pgfmathfloat.code.tex
\c@pgfmathroundto@lastzeros=\count277
))
(c:/texlive/2021/texmf-dist/tex/generic/pgf/math/pgfint.code.tex)
(c:/texlive/2021/texmf-dist/tex/generic/pgf/basiclayer/pgfcorepoints.code.tex
File: pgfcorepoints.code.tex 2021/05/15 v3.1.9a (3.1.9a)
\pgf@picminx=\dimen163
\pgf@picmaxx=\dimen164
\pgf@picminy=\dimen165
\pgf@picmaxy=\dimen166
\pgf@pathminx=\dimen167
\pgf@pathmaxx=\dimen168
\pgf@pathminy=\dimen169
\pgf@pathmaxy=\dimen170
\pgf@xx=\dimen171
\pgf@xy=\dimen172
\pgf@yx=\dimen173
\pgf@yy=\dimen174
\pgf@zx=\dimen175
\pgf@zy=\dimen176
)
(c:/texlive/2021/texmf-dist/tex/generic/pgf/basiclayer/pgfcorepathconstruct.cod
e.tex
File: pgfcorepathconstruct.code.tex 2021/05/15 v3.1.9a (3.1.9a)
\pgf@path@lastx=\dimen177
\pgf@path@lasty=\dimen178
)
(c:/texlive/2021/texmf-dist/tex/generic/pgf/basiclayer/pgfcorepathusage.code.te
x
File: pgfcorepathusage.code.tex 2021/05/15 v3.1.9a (3.1.9a)
\pgf@shorten@end@additional=\dimen179
\pgf@shorten@start@additional=\dimen180
)
(c:/texlive/2021/texmf-dist/tex/generic/pgf/basiclayer/pgfcorescopes.code.tex
File: pgfcorescopes.code.tex 2021/05/15 v3.1.9a (3.1.9a)
\pgfpic=\box54
\pgf@hbox=\box55
\pgf@layerbox@main=\box56
\pgf@picture@serial@count=\count278
)
(c:/texlive/2021/texmf-dist/tex/generic/pgf/basiclayer/pgfcoregraphicstate.code
.tex
File: pgfcoregraphicstate.code.tex 2021/05/15 v3.1.9a (3.1.9a)
\pgflinewidth=\dimen181
)
(c:/texlive/2021/texmf-dist/tex/generic/pgf/basiclayer/pgfcoretransformations.c
ode.tex
File: pgfcoretransformations.code.tex 2021/05/15 v3.1.9a (3.1.9a)
\pgf@pt@x=\dimen182
\pgf@pt@y=\dimen183
\pgf@pt@temp=\dimen184
)
(c:/texlive/2021/texmf-dist/tex/generic/pgf/basiclayer/pgfcorequick.code.tex
File: pgfcorequick.code.tex 2021/05/15 v3.1.9a (3.1.9a)
)
(c:/texlive/2021/texmf-dist/tex/generic/pgf/basiclayer/pgfcoreobjects.code.tex
File: pgfcoreobjects.code.tex 2021/05/15 v3.1.9a (3.1.9a)
)
(c:/texlive/2021/texmf-dist/tex/generic/pgf/basiclayer/pgfcorepathprocessing.co
de.tex
File: pgfcorepathprocessing.code.tex 2021/05/15 v3.1.9a (3.1.9a)
)
(c:/texlive/2021/texmf-dist/tex/generic/pgf/basiclayer/pgfcorearrows.code.tex
File: pgfcorearrows.code.tex 2021/05/15 v3.1.9a (3.1.9a)
\pgfarrowsep=\dimen185
)
(c:/texlive/2021/texmf-dist/tex/generic/pgf/basiclayer/pgfcoreshade.code.tex
File: pgfcoreshade.code.tex 2021/05/15 v3.1.9a (3.1.9a)
\pgf@max=\dimen186
\pgf@sys@shading@range@num=\count279
\pgf@shadingcount=\count280
)
(c:/texlive/2021/texmf-dist/tex/generic/pgf/basiclayer/pgfcoreimage.code.tex
File: pgfcoreimage.code.tex 2021/05/15 v3.1.9a (3.1.9a)

(c:/texlive/2021/texmf-dist/tex/generic/pgf/basiclayer/pgfcoreexternal.code.tex
File: pgfcoreexternal.code.tex 2021/05/15 v3.1.9a (3.1.9a)
\pgfexternal@startupbox=\box57
))
(c:/texlive/2021/texmf-dist/tex/generic/pgf/basiclayer/pgfcorelayers.code.tex
File: pgfcorelayers.code.tex 2021/05/15 v3.1.9a (3.1.9a)
)
(c:/texlive/2021/texmf-dist/tex/generic/pgf/basiclayer/pgfcoretransparency.code
.tex
File: pgfcoretransparency.code.tex 2021/05/15 v3.1.9a (3.1.9a)
)
(c:/texlive/2021/texmf-dist/tex/generic/pgf/basiclayer/pgfcorepatterns.code.tex
File: pgfcorepatterns.code.tex 2021/05/15 v3.1.9a (3.1.9a)
) (c:/texlive/2021/texmf-dist/tex/generic/pgf/basiclayer/pgfcorerdf.code.tex
File: pgfcorerdf.code.tex 2021/05/15 v3.1.9a (3.1.9a)
))) (c:/texlive/2021/texmf-dist/tex/generic/pgf/modules/pgfmoduleshapes.code.te
x
File: pgfmoduleshapes.code.tex 2021/05/15 v3.1.9a (3.1.9a)
\pgfnodeparttextbox=\box58
)
(c:/texlive/2021/texmf-dist/tex/generic/pgf/modules/pgfmoduleplot.code.tex
File: pgfmoduleplot.code.tex 2021/05/15 v3.1.9a (3.1.9a)
)
(c:/texlive/2021/texmf-dist/tex/latex/pgf/compatibility/pgfcomp-version-0-65.st
y
Package: pgfcomp-version-0-65 2021/05/15 v3.1.9a (3.1.9a)
\pgf@nodesepstart=\dimen187
\pgf@nodesepend=\dimen188
)
(c:/texlive/2021/texmf-dist/tex/latex/pgf/compatibility/pgfcomp-version-1-18.st
y
Package: pgfcomp-version-1-18 2021/05/15 v3.1.9a (3.1.9a)
)) (c:/texlive/2021/texmf-dist/tex/latex/pgf/utilities/pgffor.sty
(c:/texlive/2021/texmf-dist/tex/latex/pgf/utilities/pgfkeys.sty
(c:/texlive/2021/texmf-dist/tex/generic/pgf/utilities/pgfkeys.code.tex))
(c:/texlive/2021/texmf-dist/tex/latex/pgf/math/pgfmath.sty
(c:/texlive/2021/texmf-dist/tex/generic/pgf/math/pgfmath.code.tex))
(c:/texlive/2021/texmf-dist/tex/generic/pgf/utilities/pgffor.code.tex
Package: pgffor 2021/05/15 v3.1.9a (3.1.9a)

(c:/texlive/2021/texmf-dist/tex/generic/pgf/math/pgfmath.code.tex)
\pgffor@iter=\dimen189
\pgffor@skip=\dimen190
\pgffor@stack=\toks34
\pgffor@toks=\toks35
))
(c:/texlive/2021/texmf-dist/tex/generic/pgf/frontendlayer/tikz/tikz.code.tex
Package: tikz 2021/05/15 v3.1.9a (3.1.9a)

(c:/texlive/2021/texmf-dist/tex/generic/pgf/libraries/pgflibraryplothandlers.co
de.tex
File: pgflibraryplothandlers.code.tex 2021/05/15 v3.1.9a (3.1.9a)
\pgf@plot@mark@count=\count281
\pgfplotmarksize=\dimen191
)
\tikz@lastx=\dimen192
\tikz@lasty=\dimen193
\tikz@lastxsaved=\dimen194
\tikz@lastysaved=\dimen195
\tikz@lastmovetox=\dimen196
\tikz@lastmovetoy=\dimen197
\tikzleveldistance=\dimen198
\tikzsiblingdistance=\dimen199
\tikz@figbox=\box59
\tikz@figbox@bg=\box60
\tikz@tempbox=\box61
\tikz@tempbox@bg=\box62
\tikztreelevel=\count282
\tikznumberofchildren=\count283
\tikznumberofcurrentchild=\count284
\tikz@fig@count=\count285

(c:/texlive/2021/texmf-dist/tex/generic/pgf/modules/pgfmodulematrix.code.tex
File: pgfmodulematrix.code.tex 2021/05/15 v3.1.9a (3.1.9a)
\pgfmatrixcurrentrow=\count286
\pgfmatrixcurrentcolumn=\count287
\pgf@matrix@numberofcolumns=\count288
)
\tikz@expandcount=\count289

(c:/texlive/2021/texmf-dist/tex/generic/pgf/frontendlayer/tikz/libraries/tikzli
brarytopaths.code.tex
File: tikzlibrarytopaths.code.tex 2021/05/15 v3.1.9a (3.1.9a)
)))
(c:/texlive/2021/texmf-dist/tex/latex/hyperref/hyperref.sty
Package: hyperref 2021-06-07 v7.00m Hypertext links for LaTeX

(c:/texlive/2021/texmf-dist/tex/generic/ltxcmds/ltxcmds.sty
Package: ltxcmds 2020-05-10 v1.25 LaTeX kernel commands for general use (HO)
)
(c:/texlive/2021/texmf-dist/tex/generic/iftex/iftex.sty
Package: iftex 2020/03/06 v1.0d TeX engine tests
)
(c:/texlive/2021/texmf-dist/tex/generic/pdftexcmds/pdftexcmds.sty
Package: pdftexcmds 2020-06-27 v0.33 Utility functions of pdfTeX for LuaTeX (HO
)

(c:/texlive/2021/texmf-dist/tex/generic/infwarerr/infwarerr.sty
Package: infwarerr 2019/12/03 v1.5 Providing info/warning/error messages (HO)
)
Package pdftexcmds Info: \pdf@primitive is available.
Package pdftexcmds Info: \pdf@ifprimitive is available.
Package pdftexcmds Info: \pdfdraftmode found.
)
(c:/texlive/2021/texmf-dist/tex/generic/kvsetkeys/kvsetkeys.sty
Package: kvsetkeys 2019/12/15 v1.18 Key value parser (HO)
)
(c:/texlive/2021/texmf-dist/tex/generic/kvdefinekeys/kvdefinekeys.sty
Package: kvdefinekeys 2019-12-19 v1.6 Define keys (HO)
)
(c:/texlive/2021/texmf-dist/tex/generic/pdfescape/pdfescape.sty
Package: pdfescape 2019/12/09 v1.15 Implements pdfTeX's escape features (HO)
)
(c:/texlive/2021/texmf-dist/tex/latex/hycolor/hycolor.sty
Package: hycolor 2020-01-27 v1.10 Color options for hyperref/bookmark (HO)
)
(c:/texlive/2021/texmf-dist/tex/latex/letltxmacro/letltxmacro.sty
Package: letltxmacro 2019/12/03 v1.6 Let assignment for LaTeX macros (HO)
)
(c:/texlive/2021/texmf-dist/tex/latex/auxhook/auxhook.sty
Package: auxhook 2019-12-17 v1.6 Hooks for auxiliary files (HO)
)
(c:/texlive/2021/texmf-dist/tex/latex/kvoptions/kvoptions.sty
Package: kvoptions 2020-10-07 v3.14 Key value format for package options (HO)
)
\@linkdim=\dimen256
\Hy@linkcounter=\count290
\Hy@pagecounter=\count291

(c:/texlive/2021/texmf-dist/tex/latex/hyperref/pd1enc.def
File: pd1enc.def 2021-06-07 v7.00m Hyperref: PDFDocEncoding definition (HO)
Now handling font encoding PD1 ...
... no UTF-8 mapping file for font encoding PD1
)
(c:/texlive/2021/texmf-dist/tex/latex/hyperref/hyperref-langpatches.def
File: hyperref-langpatches.def 2021-06-07 v7.00m Hyperref: patches for babel la
nguages
)
(c:/texlive/2021/texmf-dist/tex/generic/intcalc/intcalc.sty
Package: intcalc 2019/12/15 v1.3 Expandable calculations with integers (HO)
)
(c:/texlive/2021/texmf-dist/tex/generic/etexcmds/etexcmds.sty
Package: etexcmds 2019/12/15 v1.7 Avoid name clashes with e-TeX commands (HO)
)
\Hy@SavedSpaceFactor=\count292

(c:/texlive/2021/texmf-dist/tex/latex/hyperref/puenc.def
File: puenc.def 2021-06-07 v7.00m Hyperref: PDF Unicode definition (HO)
Now handling font encoding PU ...
... no UTF-8 mapping file for font encoding PU
)
Package hyperref Info: Hyper figures OFF on input line 4192.
Package hyperref Info: Link nesting OFF on input line 4197.
Package hyperref Info: Hyper index ON on input line 4200.
Package hyperref Info: Plain pages OFF on input line 4207.
Package hyperref Info: Backreferencing OFF on input line 4212.
Package hyperref Info: Implicit mode ON; LaTeX internals redefined.
Package hyperref Info: Bookmarks ON on input line 4445.
\c@Hy@tempcnt=\count293

(c:/texlive/2021/texmf-dist/tex/latex/url/url.sty
\Urlmuskip=\muskip17
Package: url 2013/09/16  ver 3.4  Verb mode for urls, etc.
)
LaTeX Info: Redefining \url on input line 4804.
\XeTeXLinkMargin=\dimen257

(c:/texlive/2021/texmf-dist/tex/generic/bitset/bitset.sty
Package: bitset 2019/12/09 v1.3 Handle bit-vector datatype (HO)

(c:/texlive/2021/texmf-dist/tex/generic/bigintcalc/bigintcalc.sty
Package: bigintcalc 2019/12/15 v1.5 Expandable calculations on big integers (HO
)
))
\Fld@menulength=\count294
\Field@Width=\dimen258
\Fld@charsize=\dimen259
Package hyperref Info: Hyper figures OFF on input line 6076.
Package hyperref Info: Link nesting OFF on input line 6081.
Package hyperref Info: Hyper index ON on input line 6084.
Package hyperref Info: backreferencing OFF on input line 6091.
Package hyperref Info: Link coloring OFF on input line 6096.
Package hyperref Info: Link coloring with OCG OFF on input line 6101.
Package hyperref Info: PDF/A mode OFF on input line 6106.
LaTeX Info: Redefining \ref on input line 6146.
LaTeX Info: Redefining \pageref on input line 6150.

(c:/texlive/2021/texmf-dist/tex/latex/base/atbegshi-ltx.sty
Package: atbegshi-ltx 2021/01/10 v1.0c Emulation of the original atbegshi
package with kernel methods
)
\Hy@abspage=\count295
\c@Item=\count296
\c@Hfootnote=\count297
)
Package hyperref Info: Driver (autodetected): hpdftex.

(c:/texlive/2021/texmf-dist/tex/latex/hyperref/hpdftex.def
File: hpdftex.def 2021-06-07 v7.00m Hyperref driver for pdfTeX

(c:/texlive/2021/texmf-dist/tex/latex/base/atveryend-ltx.sty
Package: atveryend-ltx 2020/08/19 v1.0a Emulation of the original atvery packag
e
with kernel methods
)
\Fld@listcount=\count298
\c@bookmark@seq@number=\count299

(c:/texlive/2021/texmf-dist/tex/latex/rerunfilecheck/rerunfilecheck.sty
Package: rerunfilecheck 2019/12/05 v1.9 Rerun checks for auxiliary files (HO)

(c:/texlive/2021/texmf-dist/tex/generic/uniquecounter/uniquecounter.sty
Package: uniquecounter 2019/12/15 v1.4 Provide unlimited unique counter (HO)
)
Package uniquecounter Info: New unique counter `rerunfilecheck' on input line 2
86.
)
\Hy@SectionHShift=\skip52
)
(c:/texlive/2021/texmf-dist/tex/latex/tools/longtable.sty
Package: longtable 2021-05-07 v4.16 Multi-page Table package (DPC)
\LTleft=\skip53
\LTright=\skip54
\LTpre=\skip55
\LTpost=\skip56
\LTchunksize=\count300
\LTcapwidth=\dimen260
\LT@head=\box63
\LT@firsthead=\box64
\LT@foot=\box65
\LT@lastfoot=\box66
\LT@gbox=\box67
\LT@cols=\count301
\LT@rows=\count302
\c@LT@tables=\count303
\c@LT@chunks=\count304
\LT@p@ftn=\toks36
)
(c:/texlive/2021/texmf-dist/tex/latex/multirow/multirow.sty
Package: multirow 2021/03/15 v2.8 Span multiple rows of a table
\multirow@colwidth=\skip57
\multirow@cntb=\count305
\multirow@dima=\skip58
\bigstrutjot=\dimen261
)
(c:/texlive/2021/texmf-dist/tex/latex/booktabs/booktabs.sty
Package: booktabs 2020/01/12 v1.61803398 Publication quality tables
\heavyrulewidth=\dimen262
\lightrulewidth=\dimen263
\cmidrulewidth=\dimen264
\belowrulesep=\dimen265
\belowbottomsep=\dimen266
\aboverulesep=\dimen267
\abovetopsep=\dimen268
\cmidrulesep=\dimen269
\cmidrulekern=\dimen270
\defaultaddspace=\dimen271
\@cmidla=\count306
\@cmidlb=\count307
\@aboverulesep=\dimen272
\@belowrulesep=\dimen273
\@thisruleclass=\count308
\@lastruleclass=\count309
\@thisrulewidth=\dimen274
)
(c:/texlive/2021/texmf-dist/tex/generic/pgf/frontendlayer/tikz/libraries/tikzli
brarydecorations.pathreplacing.code.tex
(c:/texlive/2021/texmf-dist/tex/generic/pgf/frontendlayer/tikz/libraries/tikzli
brarydecorations.code.tex
(c:/texlive/2021/texmf-dist/tex/generic/pgf/modules/pgfmoduledecorations.code.t
ex
\pgfdecoratedcompleteddistance=\dimen275
\pgfdecoratedremainingdistance=\dimen276
\pgfdecoratedinputsegmentcompleteddistance=\dimen277
\pgfdecoratedinputsegmentremainingdistance=\dimen278
\pgf@decorate@distancetomove=\dimen279
\pgf@decorate@repeatstate=\count310
\pgfdecorationsegmentamplitude=\dimen280
\pgfdecorationsegmentlength=\dimen281
)
\tikz@lib@dec@box=\box68
)
(c:/texlive/2021/texmf-dist/tex/generic/pgf/libraries/decorations/pgflibrarydec
orations.pathreplacing.code.tex))
(c:/texlive/2021/texmf-dist/tex/latex/geometry/geometry.sty
Package: geometry 2020/01/02 v5.9 Page Geometry

(c:/texlive/2021/texmf-dist/tex/generic/iftex/ifvtex.sty
Package: ifvtex 2019/10/25 v1.7 ifvtex legacy package. Use iftex instead.
)
\Gm@cnth=\count311
\Gm@cntv=\count312
\c@Gm@tempcnt=\count313
\Gm@bindingoffset=\dimen282
\Gm@wd@mp=\dimen283
\Gm@odd@mp=\dimen284
\Gm@even@mp=\dimen285
\Gm@layoutwidth=\dimen286
\Gm@layoutheight=\dimen287
\Gm@layouthoffset=\dimen288
\Gm@layoutvoffset=\dimen289
\Gm@dimlist=\toks37
)
(c:/texlive/2021/texmf-dist/tex/latex/l3backend/l3backend-pdftex.def
File: l3backend-pdftex.def 2021-08-04 L3 backend support: PDF output (pdfTeX)
\l__color_backend_stack_int=\count314
\l__pdf_internal_box=\box69
)
(./principal.aux (./portada.aux) (./resumen.aux) (./introduccion.aux)
(./Capitulo1.aux) (./Capitulo2.aux) (./Capitulo3.aux) (./Conclusiones.aux)
(./Referencias.aux) (./anexos.aux))
\openout1 = `principal.aux'.

LaTeX Font Info:    Checking defaults for OML/cmm/m/it on input line 26.
LaTeX Font Info:    ... okay on input line 26.
LaTeX Font Info:    Checking defaults for OMS/cmsy/m/n on input line 26.
LaTeX Font Info:    ... okay on input line 26.
LaTeX Font Info:    Checking defaults for OT1/cmr/m/n on input line 26.
LaTeX Font Info:    ... okay on input line 26.
LaTeX Font Info:    Checking defaults for T1/cmr/m/n on input line 26.
LaTeX Font Info:    ... okay on input line 26.
LaTeX Font Info:    Checking defaults for TS1/cmr/m/n on input line 26.
LaTeX Font Info:    ... okay on input line 26.
LaTeX Font Info:    Checking defaults for OMX/cmex/m/n on input line 26.
LaTeX Font Info:    ... okay on input line 26.
LaTeX Font Info:    Checking defaults for U/cmr/m/n on input line 26.
LaTeX Font Info:    ... okay on input line 26.
LaTeX Font Info:    Checking defaults for PD1/pdf/m/n on input line 26.
LaTeX Font Info:    ... okay on input line 26.
LaTeX Font Info:    Checking defaults for PU/pdf/m/n on input line 26.
LaTeX Font Info:    ... okay on input line 26.

(c:/texlive/2021/texmf-dist/tex/context/base/mkii/supp-pdf.mkii
[Loading MPS to PDF converter (version 2006.09.02).]
\scratchcounter=\count315
\scratchdimen=\dimen290
\scratchbox=\box70
\nofMPsegments=\count316
\nofMParguments=\count317
\everyMPshowfont=\toks38
\MPscratchCnt=\count318
\MPscratchDim=\dimen291
\MPnumerator=\count319
\makeMPintoPDFobject=\count320
\everyMPtoPDFconversion=\toks39
) (c:/texlive/2021/texmf-dist/tex/latex/epstopdf-pkg/epstopdf-base.sty
Package: epstopdf-base 2020-01-24 v2.11 Base part for package epstopdf
Package epstopdf-base Info: Redefining graphics rule for `.eps' on input line 4
85.

(c:/texlive/2021/texmf-dist/tex/latex/latexconfig/epstopdf-sys.cfg
File: epstopdf-sys.cfg 2010/07/13 v1.3 Configuration of (r)epstopdf for TeX Liv
e
))
Package hyperref Info: Link coloring OFF on input line 26.

(c:/texlive/2021/texmf-dist/tex/latex/hyperref/nameref.sty
Package: nameref 2021-04-02 v2.47 Cross-referencing by name of section

(c:/texlive/2021/texmf-dist/tex/latex/refcount/refcount.sty
Package: refcount 2019/12/15 v3.6 Data extraction from label references (HO)
)
(c:/texlive/2021/texmf-dist/tex/generic/gettitlestring/gettitlestring.sty
Package: gettitlestring 2019/12/15 v1.6 Cleanup title references (HO)
)
\c@section@level=\count321
)
LaTeX Info: Redefining \ref on input line 26.
LaTeX Info: Redefining \pageref on input line 26.
LaTeX Info: Redefining \nameref on input line 26.

(./principal.out) (./principal.out)
\@outlinefile=\write4
\openout4 = `principal.out'.


*geometry* driver: auto-detecting
*geometry* detected driver: pdftex
*geometry* verbose mode - [ preamble ] result:
* driver: pdftex
* paper: a4paper
* layout: <same size as paper>
* layoutoffset:(h,v)=(0.0pt,0.0pt)
* modes: twoside 
* h-part:(L,W,R)=(56.9055pt, 483.69687pt, 56.9055pt)
* v-part:(T,H,B)=(56.9055pt, 731.23584pt, 56.9055pt)
* \paperwidth=597.50787pt
* \paperheight=845.04684pt
* \textwidth=483.69687pt
* \textheight=731.23584pt
* \oddsidemargin=-15.36449pt
* \evensidemargin=-15.36449pt
* \topmargin=-47.23828pt
* \headheight=12.0pt
* \headsep=19.8738pt
* \topskip=12.0pt
* \footskip=30.0pt
* \marginparwidth=88.0pt
* \marginparsep=7.0pt
* \columnsep=10.0pt
* \skip\footins=10.8pt plus 4.0pt minus 2.0pt
* \hoffset=0.0pt
* \voffset=0.0pt
* \mag=1000
* \@twocolumnfalse
* \@twosidetrue
* \@mparswitchtrue
* \@reversemarginfalse
* (1in=72.27pt=25.4mm, 1cm=28.453pt)

\openout2 = `portada.aux'.

(./portada.tex
<UCI.png, id=147, 263.98625pt x 192.72pt>
File: UCI.png Graphic file (type png)
<use UCI.png>
Package pdftex.def Info: UCI.png  used on input line 3.
(pdftex.def)             Requested size: 145.11053pt x 105.93456pt.
 [1



{c:/texlive/2021/texmf-var/fonts/map/pdftex/updmap/pdftex.map} <./UCI.png>])
\openout2 = `resumen.aux'.

 (./resumen.tex
Underfull \hbox (badness 10000) in paragraph at lines 8--9

 []


Underfull \hbox (badness 10000) in paragraph at lines 10--11

 []


Underfull \hbox (badness 10000) in paragraph at lines 10--11

 []

)
Underfull \hbox (badness 10000) in paragraph at lines 14--28

 []

[2



] (./principal.toc
LaTeX Font Info:    Trying to load font information for U+msa on input line 3.
 (c:/texlive/2021/texmf-dist/tex/latex/amsfonts/umsa.fd
File: umsa.fd 2013/01/14 v3.01 AMS symbols A
)
LaTeX Font Info:    Trying to load font information for U+msb on input line 3.

(c:/texlive/2021/texmf-dist/tex/latex/amsfonts/umsb.fd
File: umsb.fd 2013/01/14 v3.01 AMS symbols B
)
LaTeX Font Info:    Trying to load font information for U+lasy on input line 3.


(c:/texlive/2021/texmf-dist/tex/latex/base/ulasy.fd
File: ulasy.fd 1998/08/17 v2.2e LaTeX symbol font definitions
) [3



])
\tf@toc=\write5
\openout5 = `principal.toc'.

 [4]
\openout2 = `introduccion.aux'.


(./introduccion.tex [5

] [6]) [7]
\openout2 = `Capitulo1.aux'.

 (./Capitulo1.tex
Cap\IeC {\'\i }tulo 1.
[8




]
<figuras/Fig1.jpeg, id=251, 627.34375pt x 441.65pt>
File: figuras/Fig1.jpeg Graphic file (type jpg)
<use figuras/Fig1.jpeg>
Package pdftex.def Info: figuras/Fig1.jpeg  used on input line 40.
(pdftex.def)             Requested size: 532.0695pt x 374.58884pt.

Overfull \hbox (48.37263pt too wide) in paragraph at lines 40--41
 [][] 
 []

[9] [10 <./figuras/Fig1.jpeg>]
<figuras/Fig2.jpeg, id=267, 496.85625pt x 702.625pt>
File: figuras/Fig2.jpeg Graphic file (type jpg)
<use figuras/Fig2.jpeg>
Package pdftex.def Info: figuras/Fig2.jpeg  used on input line 62.
(pdftex.def)             Requested size: 465.41493pt x 658.10779pt.


LaTeX Warning: `!h' float specifier changed to `!ht'.

[11]
Underfull \vbox (badness 10000) has occurred while \output is active []

 [12 <./figuras/Fig2.jpeg>] [13] [14] [15] [16]
<figuras/Fig3.png, id=365, 266.49562pt x 208.52907pt>
File: figuras/Fig3.png Graphic file (type png)
<use figuras/Fig3.png>
Package pdftex.def Info: figuras/Fig3.png  used on input line 178.
(pdftex.def)             Requested size: 467.31364pt x 365.61792pt.


LaTeX Warning: `!h' float specifier changed to `!ht'.

) [17] [18 <./figuras/Fig3.PNG>]
\openout2 = `Capitulo2.aux'.

 (./Capitulo2.tex
Cap\IeC {\'\i }tulo 2.

Overfull \hbox (5.74883pt too wide) in paragraph at lines 5--5
[]\OT1/cmr/bx/n/17.28 Paso 1: En-tendimiento, conocimien-tos pre-vios e iden-
 []

[19




]
<figuras/Fig4.png, id=393, 462.528pt x 346.896pt>
File: figuras/Fig4.png Graphic file (type png)
<use figuras/Fig4.png>
Package pdftex.def Info: figuras/Fig4.png  used on input line 29.
(pdftex.def)             Requested size: 241.84843pt x 181.38736pt.

Underfull \vbox (badness 7415) has occurred while \output is active []

 [20 <./figuras/Fig4.png>]
<figuras/Fig6.png, id=401, 462.528pt x 346.896pt>
File: figuras/Fig6.png Graphic file (type png)
<use figuras/Fig6.png>
Package pdftex.def Info: figuras/Fig6.png  used on input line 45.
(pdftex.def)             Requested size: 241.84843pt x 181.38736pt.
<figuras/Fig8.png, id=402, 462.528pt x 346.896pt>
File: figuras/Fig8.png Graphic file (type png)
<use figuras/Fig8.png>
Package pdftex.def Info: figuras/Fig8.png  used on input line 57.
(pdftex.def)             Requested size: 241.84843pt x 181.38736pt.


LaTeX Warning: `!h' float specifier changed to `!ht'.

[21 <./figuras/Fig6.png>]
<figuras/Fig10.png, id=411, 462.528pt x 346.896pt>
File: figuras/Fig10.png Graphic file (type png)
<use figuras/Fig10.png>
Package pdftex.def Info: figuras/Fig10.png  used on input line 75.
(pdftex.def)             Requested size: 241.84843pt x 181.38736pt.


LaTeX Warning: `!h' float specifier changed to `!ht'.

<figuras/Fig12.png, id=412, 462.528pt x 346.896pt>
File: figuras/Fig12.png Graphic file (type png)
<use figuras/Fig12.png>
Package pdftex.def Info: figuras/Fig12.png  used on input line 83.
(pdftex.def)             Requested size: 241.84843pt x 181.38736pt.

LaTeX Warning: `!h' float specifier changed to `!ht'.

[22 <./figuras/Fig8.png>] [23 <./figuras/Fig10.png> <./figuras/Fig12.png>]
[24]
Overfull \hbox (14.66626pt too wide) in paragraph at lines 123--124
[]\OT1/cmr/m/n/12 Softmax: esta funci^^Son cal-cula las prob-a-bil-i-dades rel-
a-ti-vas, pare-cido a sig-moid. $\OML/cmm/m/it/12 softmax\OT1/cmr/m/n/12 (\OML/
cmm/m/it/12 x\OT1/cmr/m/n/12 ) =
 []


Overfull \hbox (78.33276pt too wide) has occurred while \output is active
\OT1/cmr/m/sl/12 2.5.  PASO 6 Y 7: ELECCI[]ON E IMPLEMENTACI[]ON DE LOS ALGORIT
MOS DE MINER[]IA DE DATOS \OT1/cmr/m/n/12 25
 []

[25] [26]
Overfull \hbox (78.33276pt too wide) has occurred while \output is active
\OT1/cmr/m/sl/12 2.5.  PASO 6 Y 7: ELECCI[]ON E IMPLEMENTACI[]ON DE LOS ALGORIT
MOS DE MINER[]IA DE DATOS \OT1/cmr/m/n/12 27
 []

[27]
Missing character: There is no ; in font nullfont!
Missing character: There is no ; in font nullfont!
Missing character: There is no ; in font nullfont!

Overfull \hbox (2.11943pt too wide) in paragraph at lines 298--298
 [][]\OT1/cmr/m/n/12 Dropout1 
 []


Overfull \hbox (2.11943pt too wide) in paragraph at lines 300--300
 [][]\OT1/cmr/m/n/12 Dropout2 
 []


Overfull \hbox (2.11943pt too wide) in paragraph at lines 302--302
 [][]\OT1/cmr/m/n/12 Dropout3 
 []

[28]
Missing character: There is no ; in font nullfont!
Missing character: There is no ; in font nullfont!
Missing character: There is no ; in font nullfont!

Overfull \hbox (78.33276pt too wide) has occurred while \output is active
\OT1/cmr/m/sl/12 2.5.  PASO 6 Y 7: ELECCI[]ON E IMPLEMENTACI[]ON DE LOS ALGORIT
MOS DE MINER[]IA DE DATOS \OT1/cmr/m/n/12 29
 []

[29]
Overfull \hbox (0.16782pt too wide) in paragraph at lines 454--455
[]\OT1/cmr/m/it/12 Conv1D-1 Layer\OT1/cmr/m/n/12 : Comienza la primera fase de 
ex-tracci^^Son de car-ac-ter^^S^^Psticas, in-tro-duciendo
 []

[30]
Missing character: There is no ; in font nullfont!
Missing character: There is no ; in font nullfont!
Missing character: There is no ; in font nullfont!
Missing character: There is no ; in font nullfont!
Missing character: There is no ; in font nullfont!

Overfull \hbox (2.11943pt too wide) in paragraph at lines 581--581
 [][]\OT1/cmr/m/n/12 Dropout1 
 []


Overfull \hbox (2.11943pt too wide) in paragraph at lines 584--584
 [][]\OT1/cmr/m/n/12 Dropout2 
 []


Overfull \hbox (2.11943pt too wide) in paragraph at lines 587--587
 [][]\OT1/cmr/m/n/12 Dropout3 
 []


Overfull \hbox (42.94527pt too wide) in paragraph at lines 590--591
 [][] 
 []


Overfull \hbox (78.33276pt too wide) has occurred while \output is active
\OT1/cmr/m/sl/12 2.5.  PASO 6 Y 7: ELECCI[]ON E IMPLEMENTACI[]ON DE LOS ALGORIT
MOS DE MINER[]IA DE DATOS \OT1/cmr/m/n/12 31
 []

[31]
Missing character: There is no ; in font nullfont!
Missing character: There is no ; in font nullfont!
Missing character: There is no ; in font nullfont!
Missing character: There is no ; in font nullfont!
Missing character: There is no ; in font nullfont!
Missing character: There is no ; in font nullfont!


LaTeX Warning: `!h' float specifier changed to `!ht'.

[32]
Missing character: There is no ; in font nullfont!
Missing character: There is no ; in font nullfont!
Missing character: There is no ; in font nullfont!
Missing character: There is no ; in font nullfont!

Overfull \hbox (2.11943pt too wide) in paragraph at lines 839--839
 [][]\OT1/cmr/m/n/12 Dropout1 
 []


Overfull \hbox (2.11943pt too wide) in paragraph at lines 841--841
 [][]\OT1/cmr/m/n/12 Dropout2 
 []


Overfull \hbox (2.11943pt too wide) in paragraph at lines 843--843
 [][]\OT1/cmr/m/n/12 Dropout3 
 []


LaTeX Warning: `!h' float specifier changed to `!ht'.

Missing character: There is no ; in font nullfont!
Missing character: There is no ; in font nullfont!
Missing character: There is no ; in font nullfont!
Missing character: There is no ; in font nullfont!
Missing character: There is no ; in font nullfont!
Missing character: There is no ; in font nullfont!
Missing character: There is no ; in font nullfont!

Overfull \hbox (78.33276pt too wide) has occurred while \output is active
\OT1/cmr/m/sl/12 2.5.  PASO 6 Y 7: ELECCI[]ON E IMPLEMENTACI[]ON DE LOS ALGORIT
MOS DE MINER[]IA DE DATOS \OT1/cmr/m/n/12 33
 []

[33] [34]
Overfull \hbox (78.33276pt too wide) has occurred while \output is active
\OT1/cmr/m/sl/12 2.5.  PASO 6 Y 7: ELECCI[]ON E IMPLEMENTACI[]ON DE LOS ALGORIT
MOS DE MINER[]IA DE DATOS \OT1/cmr/m/n/12 35
 []

[35]
Missing character: There is no ; in font nullfont!
Missing character: There is no ; in font nullfont!
Missing character: There is no ; in font nullfont!
Missing character: There is no ; in font nullfont!

Overfull \hbox (2.11943pt too wide) in paragraph at lines 1044--1044
 [][]\OT1/cmr/m/n/12 Dropout1 
 []


Overfull \hbox (2.11943pt too wide) in paragraph at lines 1046--1046
 [][]\OT1/cmr/m/n/12 Dropout2 
 []


Overfull \hbox (2.11943pt too wide) in paragraph at lines 1048--1048
 [][]\OT1/cmr/m/n/12 Dropout3 
 []


LaTeX Warning: `!h' float specifier changed to `!ht'.

) [36]
Overfull \hbox (78.33276pt too wide) has occurred while \output is active
\OT1/cmr/m/sl/12 2.5.  PASO 6 Y 7: ELECCI[]ON E IMPLEMENTACI[]ON DE LOS ALGORIT
MOS DE MINER[]IA DE DATOS \OT1/cmr/m/n/12 37
 []

[37]
\openout2 = `Capitulo3.aux'.

 (./Capitulo3.tex
Cap\IeC {\'\i }tulo 3.

Overfull \hbox (48.76958pt too wide) in alignment at lines 17--25
 [] [] [] [] [] [] [] 
 []

<figuras/Experimento1/KNN_Test_size.png, id=585, 1011.78pt x 578.16pt>
File: figuras/Experimento1/KNN_Test_size.png Graphic file (type png)
<use figuras/Experimento1/KNN_Test_size.png>
Package pdftex.def Info: figuras/Experimento1/KNN_Test_size.png  used on input 
line 32.
(pdftex.def)             Requested size: 386.95897pt x 221.12341pt.

LaTeX Warning: `!h' float specifier changed to `!ht'.

[38




]
Overfull \hbox (392.55362pt too wide) has occurred while \output is active
\OT1/cmr/m/sl/12 3.2.  EXPERIMENTO 2: COMPARACI[]ON ENTRE LOS MODELOS DE ML POR
 ESTRATEGIAS PARA SOLUCIONAR AL DESBALANCE DE LA INFORMACI[]ON \OT1/cmr/m/n/12 
39
 []

[39 <./figuras/Experimento1/KNN_Test_size.png>] [40]
Overfull \hbox (0.2577pt too wide) in alignment at lines 122--125
 [] [] [] [] [] [] [] 
 []


Overfull \hbox (0.2577pt too wide) in alignment at lines 125--128
 [] [] [] [] [] [] [] 
 []


Overfull \hbox (0.2577pt too wide) in alignment at lines 128--147
 [] [] [] [] [] [] [] 
 []


Overfull \hbox (134.87776pt too wide) has occurred while \output is active
\OT1/cmr/m/sl/12 3.3.  EXPERIMENTO 3: COMPARACI[]ON EN EL ORDEN DE LOS \OT1/cmr
/m/it/12 DROPOUT \OT1/cmr/m/sl/12 CON DATOS DESBALANCEADOS \OT1/cmr/m/n/12 41
 []

[41]
<figuras/Experimento3/CNN_dropouts_tests.png, id=622, 1011.78pt x 578.16pt>
File: figuras/Experimento3/CNN_dropouts_tests.png Graphic file (type png)
<use figuras/Experimento3/CNN_dropouts_tests.png>
Package pdftex.def Info: figuras/Experimento3/CNN_dropouts_tests.png  used on i
nput line 151.
(pdftex.def)             Requested size: 386.95897pt x 221.12341pt.
<figuras/Experimento3/RNN_dropouts_tests.png, id=623, 1011.78pt x 578.16pt>
File: figuras/Experimento3/RNN_dropouts_tests.png Graphic file (type png)
<use figuras/Experimento3/RNN_dropouts_tests.png>
Package pdftex.def Info: figuras/Experimento3/RNN_dropouts_tests.png  used on i
nput line 158.
(pdftex.def)             Requested size: 386.95897pt x 221.12341pt.
 [42 <./figuras/Experimento3/CNN_dropouts_tests.png> <./figuras/Experimento3/RN
N_dropouts_tests.png>]
Overfull \hbox (22.77415pt too wide) in alignment at lines 184--187
 [] [] [] [] [] [] [] 
 []


Overfull \hbox (22.77415pt too wide) in alignment at lines 187--190
 [] [] [] [] [] [] [] 
 []


Overfull \hbox (22.77415pt too wide) in alignment at lines 190--217
 [] [] [] [] [] [] [] 
 []


Overfull \hbox (233.90224pt too wide) has occurred while \output is active
\OT1/cmr/m/sl/12 3.4.  EXPERIMENTO 4: COMPARACI[]ON EN LOS MODELOS DL TENIENDO 
EN CUENTA LOS RESULTADOS DE LAS PRUEBAS. \OT1/cmr/m/n/12 43
 []

[43]
Overfull \hbox (41.86565pt too wide) in alignment at lines 229--232
 [] [] [] [] [] [] [] 
 []


Overfull \hbox (41.86565pt too wide) in alignment at lines 232--235
 [] [] [] [] [] [] [] 
 []


Overfull \hbox (41.86565pt too wide) in alignment at lines 235--262
 [] [] [] [] [] [] [] 
 []

[44]
Overfull \hbox (32.89629pt too wide) in alignment at lines 273--276
 [] [] [] [] [] [] [] 
 []


Overfull \hbox (32.89629pt too wide) in alignment at lines 276--279
 [] [] [] [] [] [] [] 
 []


Overfull \hbox (32.89629pt too wide) in alignment at lines 279--306
 [] [] [] [] [] [] [] 
 []


Overfull \hbox (233.90224pt too wide) has occurred while \output is active
\OT1/cmr/m/sl/12 3.4.  EXPERIMENTO 4: COMPARACI[]ON EN LOS MODELOS DL TENIENDO 
EN CUENTA LOS RESULTADOS DE LAS PRUEBAS. \OT1/cmr/m/n/12 45
 []

[45] [46]
Overfull \hbox (233.90224pt too wide) has occurred while \output is active
\OT1/cmr/m/sl/12 3.4.  EXPERIMENTO 4: COMPARACI[]ON EN LOS MODELOS DL TENIENDO 
EN CUENTA LOS RESULTADOS DE LAS PRUEBAS. \OT1/cmr/m/n/12 47
 []

[47] [48]
Overfull \hbox (34.03654pt too wide) in alignment at lines 419--422
 [] [] [] [] [] [] [] 
 []


Overfull \hbox (34.03654pt too wide) in alignment at lines 422--425
 [] [] [] [] [] [] [] 
 []


Overfull \hbox (34.03654pt too wide) in alignment at lines 425--448
 [] [] [] [] [] [] [] 
 []


Overfull \hbox (233.90224pt too wide) has occurred while \output is active
\OT1/cmr/m/sl/12 3.4.  EXPERIMENTO 4: COMPARACI[]ON EN LOS MODELOS DL TENIENDO 
EN CUENTA LOS RESULTADOS DE LAS PRUEBAS. \OT1/cmr/m/n/12 49
 []

[49] [50]
Overfull \hbox (233.90224pt too wide) has occurred while \output is active
\OT1/cmr/m/sl/12 3.4.  EXPERIMENTO 4: COMPARACI[]ON EN LOS MODELOS DL TENIENDO 
EN CUENTA LOS RESULTADOS DE LAS PRUEBAS. \OT1/cmr/m/n/12 51
 []

[51]
Overfull \hbox (3.73521pt too wide) in alignment at lines 553--556
 [] [] [] [] [] [] 
 []


Overfull \hbox (3.73521pt too wide) in alignment at lines 556--559
 [] [] [] [] [] [] 
 []


Overfull \hbox (3.73521pt too wide) in alignment at lines 559--586
 [] [] [] [] [] [] 
 []

[52]
Overfull \hbox (22.8267pt too wide) in alignment at lines 598--601
 [] [] [] [] [] [] 
 []


Overfull \hbox (22.8267pt too wide) in alignment at lines 601--604
 [] [] [] [] [] [] 
 []


Overfull \hbox (22.8267pt too wide) in alignment at lines 604--631
 [] [] [] [] [] [] 
 []


Overfull \hbox (265.06294pt too wide) has occurred while \output is active
\OT1/cmr/m/sl/12 3.5.  EXPERIMENTO 5: COMPARACI[]ON DE LOS MODELOS DL TENIENDO 
EN CUENTA LOS RESULTADOS DEL ENTRENAMIENTO \OT1/cmr/m/n/12 53
 []

[53]
Overfull \hbox (13.85735pt too wide) in alignment at lines 643--646
 [] [] [] [] [] [] 
 []


Overfull \hbox (13.85735pt too wide) in alignment at lines 646--649
 [] [] [] [] [] [] 
 []


Overfull \hbox (13.85735pt too wide) in alignment at lines 649--676
 [] [] [] [] [] [] 
 []

[54]
Overfull \hbox (265.06294pt too wide) has occurred while \output is active
\OT1/cmr/m/sl/12 3.5.  EXPERIMENTO 5: COMPARACI[]ON DE LOS MODELOS DL TENIENDO 
EN CUENTA LOS RESULTADOS DEL ENTRENAMIENTO \OT1/cmr/m/n/12 55
 []

[55] [56]
Overfull \hbox (14.9976pt too wide) in alignment at lines 791--794
 [] [] [] [] [] [] 
 []


Overfull \hbox (14.9976pt too wide) in alignment at lines 794--797
 [] [] [] [] [] [] 
 []


Overfull \hbox (14.9976pt too wide) in alignment at lines 797--820
 [] [] [] [] [] [] 
 []


Overfull \hbox (265.06294pt too wide) has occurred while \output is active
\OT1/cmr/m/sl/12 3.5.  EXPERIMENTO 5: COMPARACI[]ON DE LOS MODELOS DL TENIENDO 
EN CUENTA LOS RESULTADOS DEL ENTRENAMIENTO \OT1/cmr/m/n/12 57
 []

[57]
Overfull \hbox (5.69771pt too wide) in alignment at lines 831--834
 [] [] [] [] [] [] 
 []


Overfull \hbox (5.69771pt too wide) in alignment at lines 834--837
 [] [] [] [] [] [] 
 []


Overfull \hbox (5.69771pt too wide) in alignment at lines 837--860
 [] [] [] [] [] [] 
 []

[58]
Overfull \hbox (14.34485pt too wide) in alignment at lines 871--874
 [] [] [] [] [] [] 
 []


Overfull \hbox (14.34485pt too wide) in alignment at lines 874--877
 [] [] [] [] [] [] 
 []


Overfull \hbox (14.34485pt too wide) in alignment at lines 877--900
 [] [] [] [] [] [] 
 []


Overfull \hbox (265.06294pt too wide) has occurred while \output is active
\OT1/cmr/m/sl/12 3.5.  EXPERIMENTO 5: COMPARACI[]ON DE LOS MODELOS DL TENIENDO 
EN CUENTA LOS RESULTADOS DEL ENTRENAMIENTO \OT1/cmr/m/n/12 59
 []

[59]
Overfull \hbox (15.15872pt too wide) in alignment at lines 911--914
 [] [] [] [] [] [] 
 []


Overfull \hbox (15.15872pt too wide) in alignment at lines 914--917
 [] [] [] [] [] [] 
 []


Overfull \hbox (15.15872pt too wide) in alignment at lines 917--940
 [] [] [] [] [] [] 
 []


Overfull \hbox (22.01698pt too wide) in alignment at lines 951--954
 [] [] [] [] [] [] 
 []


Overfull \hbox (22.01698pt too wide) in alignment at lines 954--957
 [] [] [] [] [] [] 
 []


Overfull \hbox (22.01698pt too wide) in alignment at lines 957--980
 [] [] [] [] [] [] 
 []

[60]
Overfull \hbox (22.8267pt too wide) in alignment at lines 991--994
 [] [] [] [] [] [] 
 []


Overfull \hbox (22.8267pt too wide) in alignment at lines 994--997
 [] [] [] [] [] [] 
 []


Overfull \hbox (22.8267pt too wide) in alignment at lines 997--1020
 [] [] [] [] [] [] 
 []


Overfull \hbox (265.06294pt too wide) has occurred while \output is active
\OT1/cmr/m/sl/12 3.5.  EXPERIMENTO 5: COMPARACI[]ON DE LOS MODELOS DL TENIENDO 
EN CUENTA LOS RESULTADOS DEL ENTRENAMIENTO \OT1/cmr/m/n/12 61
 []

[61] [62] [63]
Overfull \hbox (1.43884pt too wide) in paragraph at lines 1082--1082
[]\OT1/cmr/bx/n/17.28 Experimento 6: Com-paraci^^Son en-tre los mejores mod-
 []


Overfull \hbox (6.61601pt too wide) in alignment at lines 1086--1089
 [] [] [] [] [] [] [] 
 []


Overfull \hbox (6.61601pt too wide) in alignment at lines 1089--1092
 [] [] [] [] [] [] [] 
 []


Overfull \hbox (6.61601pt too wide) in alignment at lines 1092--1105
 [] [] [] [] [] [] [] 
 []

[64]
Overfull \hbox (78.99721pt too wide) in alignment at lines 1126--1129
 [] [] [] [] [] [] [] 
 []


Overfull \hbox (78.99721pt too wide) in alignment at lines 1129--1132
 [] [] [] [] [] [] [] 
 []


Overfull \hbox (78.99721pt too wide) in alignment at lines 1132--1290
 [] [] [] [] [] [] [] 
 []


Overfull \hbox (173.54045pt too wide) has occurred while \output is active
\OT1/cmr/m/sl/12 3.8.  EXPERIMENTO 7: COMPARACI[]ON DE TODOS LOS MODELOS ML Y D
L EN EL RESULTADO DE LAS PRUEBAS \OT1/cmr/m/n/12 65
 []

[65] [66]
Overfull \hbox (173.54045pt too wide) has occurred while \output is active
\OT1/cmr/m/sl/12 3.8.  EXPERIMENTO 7: COMPARACI[]ON DE TODOS LOS MODELOS ML Y D
L EN EL RESULTADO DE LAS PRUEBAS \OT1/cmr/m/n/12 67
 []

[67] [68] [69]
Underfull \vbox (badness 10000) has occurred while \output is active []

 [70]

LaTeX Warning: `!h' float specifier changed to `!ht'.

[71]
Underfull \vbox (badness 10000) has occurred while \output is active []

 [72]
[73]) [74]
\openout2 = `Conclusiones.aux'.

 (./Conclusiones.tex) [75




]
\openout2 = `Referencias.aux'.

 (./Referencias.tex
Underfull \hbox (badness 10000) in paragraph at lines 9--10
[]\OT1/cmr/m/it/12 Undersampling Al-go-rithms for Im-bal-anced Clas-si-fi-ca-ti
on\OT1/cmr/m/n/12 . Ac-ce-
 []


Underfull \hbox (badness 10000) in paragraph at lines 9--10
\OT1/cmr/m/n/12 dido 5 de julio de 2021. []$\OT1/cmtt/m/n/12 https : / / machin
elearningmastery . com /
 []


Underfull \hbox (badness 10000) in paragraph at lines 10--11
[]\OT1/cmr/m/sc/12 Brownlee, Ja-son\OT1/cmr/m/n/12 . \OT1/cmr/m/it/12 Ran-dom O
ver-sam-pling and Un-der-sam-pling
 []


Underfull \hbox (badness 10000) in paragraph at lines 10--11
\OT1/cmr/m/it/12 for Im-bal-anced Clas-si-fi-ca-tion\OT1/cmr/m/n/12 . Ma-chine 
Learn-ing Mas-tery (blog),
 []


Underfull \hbox (badness 10000) in paragraph at lines 10--11
\OT1/cmr/m/n/12 14 de en-ero de 2020. []$\OT1/cmtt/m/n/12 https : / / machinele
arningmastery . com /
 []


Underfull \hbox (badness 10000) in paragraph at lines 11--12
[]\OT1/cmr/m/sc/12 Brownlee, Ja-son\OT1/cmr/m/n/12 . \OT1/cmr/m/it/12 SMOTE for
 Im-bal-anced Clas-si-fi-ca-tion with
 []


Underfull \hbox (badness 10000) in paragraph at lines 11--12
\OT1/cmr/m/it/12 Python\OT1/cmr/m/n/12 , 17 de en-ero de 2021. []$\OT1/cmtt/m/n
/12 https : / / machinelearningmastery . com /
 []


Underfull \hbox (badness 5345) in paragraph at lines 12--13
[]\OT1/cmr/m/sc/12 Rui Nian\OT1/cmr/m/n/12 . \OT1/cmr/m/it/12 Fix-ing Im-bal-an
ced Datasets: An In-tro-duc-tion to ADASYN (with
 []


Underfull \hbox (badness 4859) in paragraph at lines 12--13
\OT1/cmr/m/it/12 code!)\OT1/cmr/m/n/12 . Medium. Ac-ce-dido 5 de julio de 2021.
 []$\OT1/cmtt/m/n/12 https : / / medium . com / @ruinian /
 []

[76




]
Underfull \hbox (badness 7221) in paragraph at lines 20--21
[]\OT1/cmr/m/it/12 Denoising Au-toen-coders with Keras, Ten-sor-Flow, and Deep 
Learn-ing\OT1/cmr/m/n/12 , Py-Im-
 []


Underfull \hbox (badness 2828) in paragraph at lines 20--21
\OT1/cmr/m/n/12 age-Search, 24 de febrero de 2020. []$\OT1/cmtt/m/n/12 https : 
/ / www . pyimagesearch . com / 2020 / 02 / 24 /
 []


Underfull \hbox (badness 10000) in paragraph at lines 22--23
[]\OT1/cmr/m/it/12 Clasificaci^^Son con datos des-bal-ancea-dos | Aprende Ma-ch
ine Learn-ing\OT1/cmr/m/n/12 . Ac-ce-
 []


Underfull \hbox (badness 10000) in paragraph at lines 22--23
\OT1/cmr/m/n/12 dido 7 de sep-tiem-bre de 2021. []$\OT1/cmtt/m/n/12 https : / /
 www . aprendemachinelearning . com /
 []

[77]
Underfull \hbox (badness 1005) in paragraph at lines 33--34
[]\OT1/cmr/m/it/12 Redes neu-ronales con Python\OT1/cmr/m/n/12 . Ac-ce-dido 13 
de sep-tiem-bre de 2021. []$\OT1/cmtt/m/n/12 https : / / www .
 []


Underfull \hbox (badness 10000) in paragraph at lines 34--35
[]\OT1/cmr/m/sc/12 Bushaev, Vi-taly\OT1/cmr/m/n/12 . \OT1/cmr/m/it/12 Adam - La
t-est Trends in Deep Learn-ing Op-ti-miza-
 []


Underfull \hbox (badness 10000) in paragraph at lines 34--35
\OT1/cmr/m/it/12 tion. \OT1/cmr/m/n/12 Medium, 24 de oc-tubre de 2018. []$\OT1/
cmtt/m/n/12 https : / / towardsdatascience . com /
 []

) [78]
\openout2 = `anexos.aux'.

 (./anexos.tex
<figuras/Experimento2/ML_Imbalanced_test.png, id=1002, 1011.78pt x 578.16pt>
File: figuras/Experimento2/ML_Imbalanced_test.png Graphic file (type png)
<use figuras/Experimento2/ML_Imbalanced_test.png>
Package pdftex.def Info: figuras/Experimento2/ML_Imbalanced_test.png  used on i
nput line 5.
(pdftex.def)             Requested size: 386.95897pt x 221.12341pt.
<figuras/Experimento2/ML_UnderSampler_test.png, id=1003, 1011.78pt x 578.16pt>
File: figuras/Experimento2/ML_UnderSampler_test.png Graphic file (type png)
<use figuras/Experimento2/ML_UnderSampler_test.png>
Package pdftex.def Info: figuras/Experimento2/ML_UnderSampler_test.png  used on
 input line 12.
(pdftex.def)             Requested size: 386.95897pt x 221.12341pt.
<figuras/Experimento2/ML_OverSampler_test.png, id=1004, 1011.78pt x 578.16pt>
File: figuras/Experimento2/ML_OverSampler_test.png Graphic file (type png)
<use figuras/Experimento2/ML_OverSampler_test.png>
Package pdftex.def Info: figuras/Experimento2/ML_OverSampler_test.png  used on 
input line 19.
(pdftex.def)             Requested size: 386.95897pt x 221.12341pt.


LaTeX Warning: `!h' float specifier changed to `!ht'.

<figuras/Experimento2/ML_SMOTE_test.png, id=1005, 1011.78pt x 578.16pt>
File: figuras/Experimento2/ML_SMOTE_test.png Graphic file (type png)
<use figuras/Experimento2/ML_SMOTE_test.png>
Package pdftex.def Info: figuras/Experimento2/ML_SMOTE_test.png  used on input 
line 26.
(pdftex.def)             Requested size: 386.95897pt x 221.12341pt.

LaTeX Warning: `!h' float specifier changed to `!ht'.

<figuras/Experimento2/ML_ADASYN_test.png, id=1006, 1011.78pt x 578.16pt>
File: figuras/Experimento2/ML_ADASYN_test.png Graphic file (type png)
<use figuras/Experimento2/ML_ADASYN_test.png>
Package pdftex.def Info: figuras/Experimento2/ML_ADASYN_test.png  used on input
 line 33.
(pdftex.def)             Requested size: 386.95897pt x 221.12341pt.

LaTeX Warning: `!h' float specifier changed to `!ht'.


Overfull \hbox (6.61601pt too wide) in alignment at lines 38--41
 [] [] [] [] [] [] [] 
 []


Overfull \hbox (6.61601pt too wide) in alignment at lines 41--44
 [] [] [] [] [] [] [] 
 []


Overfull \hbox (6.61601pt too wide) in alignment at lines 44--167
 [] [] [] [] [] [] [] 
 []

[79




 <./figuras/Experimento2/ML_imbalanced_test.png> <./figuras/Experimento2/ML_Und
erSampler_test.png>] [80] [81]
<figuras/Experimento5/Imbalanced/DL_imbalanced_1_train.png, id=1023, 1011.78pt 
x 578.16pt>
File: figuras/Experimento5/Imbalanced/DL_imbalanced_1_train.png Graphic file (t
ype png)
<use figuras/Experimento5/Imbalanced/DL_imbalanced_1_train.png>
Package pdftex.def Info: figuras/Experimento5/Imbalanced/DL_imbalanced_1_train.
png  used on input line 171.
(pdftex.def)             Requested size: 386.95897pt x 221.12341pt.


LaTeX Warning: `!h' float specifier changed to `!ht'.

<figuras/Experimento5/Imbalanced/DL_imbalanced_20_train.png, id=1024, 1011.78pt
 x 578.16pt>
File: figuras/Experimento5/Imbalanced/DL_imbalanced_20_train.png Graphic file (
type png)
<use figuras/Experimento5/Imbalanced/DL_imbalanced_20_train.png>
Package pdftex.def Info: figuras/Experimento5/Imbalanced/DL_imbalanced_20_train
.png  used on input line 178.
(pdftex.def)             Requested size: 386.95897pt x 221.12341pt.

LaTeX Warning: `!h' float specifier changed to `!ht'.

<figuras/Experimento5/Imbalanced/DL_imbalanced_50_train.png, id=1025, 1011.78pt
 x 578.16pt>
File: figuras/Experimento5/Imbalanced/DL_imbalanced_50_train.png Graphic file (
type png)
<use figuras/Experimento5/Imbalanced/DL_imbalanced_50_train.png>
Package pdftex.def Info: figuras/Experimento5/Imbalanced/DL_imbalanced_50_train
.png  used on input line 185.
(pdftex.def)             Requested size: 386.95897pt x 221.12341pt.

LaTeX Warning: `!h' float specifier changed to `!ht'.

<figuras/Experimento5/Imbalanced/DL_imbalanced_100_train.png, id=1026, 1011.78p
t x 578.16pt>
File: figuras/Experimento5/Imbalanced/DL_imbalanced_100_train.png Graphic file 
(type png)
<use figuras/Experimento5/Imbalanced/DL_imbalanced_100_train.png>
Package pdftex.def Info: figuras/Experimento5/Imbalanced/DL_imbalanced_100_trai
n.png  used on input line 192.
(pdftex.def)             Requested size: 386.95897pt x 221.12341pt.

LaTeX Warning: `!h' float specifier changed to `!ht'.

<figuras/Experimento5/UnderSampler/DL_UnderSampler_1_train.png, id=1027, 1011.7
8pt x 578.16pt>
File: figuras/Experimento5/UnderSampler/DL_UnderSampler_1_train.png Graphic fil
e (type png)
<use figuras/Experimento5/UnderSampler/DL_UnderSampler_1_train.png>
Package pdftex.def Info: figuras/Experimento5/UnderSampler/DL_UnderSampler_1_tr
ain.png  used on input line 199.
(pdftex.def)             Requested size: 386.95897pt x 221.12341pt.

LaTeX Warning: `!h' float specifier changed to `!ht'.

<figuras/Experimento5/UnderSampler/DL_UnderSampler_20_train.png, id=1028, 1011.
78pt x 578.16pt>
File: figuras/Experimento5/UnderSampler/DL_UnderSampler_20_train.png Graphic fi
le (type png)
<use figuras/Experimento5/UnderSampler/DL_UnderSampler_20_train.png>
Package pdftex.def Info: figuras/Experimento5/UnderSampler/DL_UnderSampler_20_t
rain.png  used on input line 206.
(pdftex.def)             Requested size: 386.95897pt x 221.12341pt.

LaTeX Warning: `!h' float specifier changed to `!ht'.

<figuras/Experimento5/UnderSampler/DL_UnderSampler_50_train.png, id=1029, 1011.
78pt x 578.16pt>
File: figuras/Experimento5/UnderSampler/DL_UnderSampler_50_train.png Graphic fi
le (type png)
<use figuras/Experimento5/UnderSampler/DL_UnderSampler_50_train.png>
Package pdftex.def Info: figuras/Experimento5/UnderSampler/DL_UnderSampler_50_t
rain.png  used on input line 213.
(pdftex.def)             Requested size: 386.95897pt x 221.12341pt.

LaTeX Warning: `!h' float specifier changed to `!ht'.

<figuras/Experimento5/UnderSampler/DL_UnderSampler_100_train.png, id=1030, 1011
.78pt x 578.16pt>
File: figuras/Experimento5/UnderSampler/DL_UnderSampler_100_train.png Graphic f
ile (type png)
<use figuras/Experimento5/UnderSampler/DL_UnderSampler_100_train.png>
Package pdftex.def Info: figuras/Experimento5/UnderSampler/DL_UnderSampler_100_
train.png  used on input line 220.
(pdftex.def)             Requested size: 386.95897pt x 221.12341pt.

LaTeX Warning: `!h' float specifier changed to `!ht'.

<figuras/Experimento5/OverSampler/DL_OverSampler_1_train.png, id=1031, 1011.78p
t x 578.16pt>
File: figuras/Experimento5/OverSampler/DL_OverSampler_1_train.png Graphic file 
(type png)
<use figuras/Experimento5/OverSampler/DL_OverSampler_1_train.png>
Package pdftex.def Info: figuras/Experimento5/OverSampler/DL_OverSampler_1_trai
n.png  used on input line 227.
(pdftex.def)             Requested size: 386.95897pt x 221.12341pt.

LaTeX Warning: `!h' float specifier changed to `!ht'.

<figuras/Experimento5/OverSampler/DL_OverSampler_20_train.png, id=1032, 1011.78
pt x 578.16pt>
File: figuras/Experimento5/OverSampler/DL_OverSampler_20_train.png Graphic file
 (type png)
<use figuras/Experimento5/OverSampler/DL_OverSampler_20_train.png>
Package pdftex.def Info: figuras/Experimento5/OverSampler/DL_OverSampler_20_tra
in.png  used on input line 234.
(pdftex.def)             Requested size: 386.95897pt x 221.12341pt.

LaTeX Warning: `!h' float specifier changed to `!ht'.

<figuras/Experimento5/OverSampler/DL_OverSampler_50_train.png, id=1033, 1011.78
pt x 578.16pt>
File: figuras/Experimento5/OverSampler/DL_OverSampler_50_train.png Graphic file
 (type png)
<use figuras/Experimento5/OverSampler/DL_OverSampler_50_train.png>
Package pdftex.def Info: figuras/Experimento5/OverSampler/DL_OverSampler_50_tra
in.png  used on input line 241.
(pdftex.def)             Requested size: 386.95897pt x 221.12341pt.

LaTeX Warning: `!h' float specifier changed to `!ht'.

<figuras/Experimento5/OverSampler/DL_OverSampler_100_train.png, id=1034, 1011.7
8pt x 578.16pt>
File: figuras/Experimento5/OverSampler/DL_OverSampler_100_train.png Graphic fil
e (type png)
<use figuras/Experimento5/OverSampler/DL_OverSampler_100_train.png>
Package pdftex.def Info: figuras/Experimento5/OverSampler/DL_OverSampler_100_tr
ain.png  used on input line 248.
(pdftex.def)             Requested size: 386.95897pt x 221.12341pt.

LaTeX Warning: `!h' float specifier changed to `!ht'.

<figuras/Experimento5/SMOTE/DL_SMOTE_1_train.png, id=1035, 1011.78pt x 578.16pt
>
File: figuras/Experimento5/SMOTE/DL_SMOTE_1_train.png Graphic file (type png)
<use figuras/Experimento5/SMOTE/DL_SMOTE_1_train.png>
Package pdftex.def Info: figuras/Experimento5/SMOTE/DL_SMOTE_1_train.png  used 
on input line 255.
(pdftex.def)             Requested size: 386.95897pt x 221.12341pt.

LaTeX Warning: `!h' float specifier changed to `!ht'.

<figuras/Experimento5/SMOTE/DL_SMOTE_20_train.png, id=1036, 1011.78pt x 578.16p
t>
File: figuras/Experimento5/SMOTE/DL_SMOTE_20_train.png Graphic file (type png)
<use figuras/Experimento5/SMOTE/DL_SMOTE_20_train.png>
Package pdftex.def Info: figuras/Experimento5/SMOTE/DL_SMOTE_20_train.png  used
 on input line 262.
(pdftex.def)             Requested size: 386.95897pt x 221.12341pt.

LaTeX Warning: `!h' float specifier changed to `!ht'.

<figuras/Experimento5/SMOTE/DL_SMOTE_50_train.png, id=1037, 1011.78pt x 578.16p
t>
File: figuras/Experimento5/SMOTE/DL_SMOTE_50_train.png Graphic file (type png)
<use figuras/Experimento5/SMOTE/DL_SMOTE_50_train.png>
Package pdftex.def Info: figuras/Experimento5/SMOTE/DL_SMOTE_50_train.png  used
 on input line 269.
(pdftex.def)             Requested size: 386.95897pt x 221.12341pt.

LaTeX Warning: `!h' float specifier changed to `!ht'.

<figuras/Experimento5/SMOTE/DL_SMOTE_100_train.png, id=1038, 1011.78pt x 578.16
pt>
File: figuras/Experimento5/SMOTE/DL_SMOTE_100_train.png Graphic file (type png)

<use figuras/Experimento5/SMOTE/DL_SMOTE_100_train.png>
Package pdftex.def Info: figuras/Experimento5/SMOTE/DL_SMOTE_100_train.png  use
d on input line 276.
(pdftex.def)             Requested size: 386.95897pt x 221.12341pt.

LaTeX Warning: `!h' float specifier changed to `!ht'.

<figuras/Experimento5/ADASYN/DL_ADASYN_1_train.png, id=1039, 1011.78pt x 578.16
pt>
File: figuras/Experimento5/ADASYN/DL_ADASYN_1_train.png Graphic file (type png)

<use figuras/Experimento5/ADASYN/DL_ADASYN_1_train.png>
Package pdftex.def Info: figuras/Experimento5/ADASYN/DL_ADASYN_1_train.png  use
d on input line 283.
(pdftex.def)             Requested size: 386.95897pt x 221.12341pt.

LaTeX Warning: `!h' float specifier changed to `!ht'.

<figuras/Experimento5/ADASYN/DL_ADASYN_20_train.png, id=1040, 1011.78pt x 578.1
6pt>
File: figuras/Experimento5/ADASYN/DL_ADASYN_20_train.png Graphic file (type png
)
<use figuras/Experimento5/ADASYN/DL_ADASYN_20_train.png>
Package pdftex.def Info: figuras/Experimento5/ADASYN/DL_ADASYN_20_train.png  us
ed on input line 290.
(pdftex.def)             Requested size: 386.95897pt x 221.12341pt.

LaTeX Warning: `!h' float specifier changed to `!ht'.

<figuras/Experimento5/ADASYN/DL_ADASYN_50_train.png, id=1041, 1011.78pt x 578.1
6pt>
File: figuras/Experimento5/ADASYN/DL_ADASYN_50_train.png Graphic file (type png
)
<use figuras/Experimento5/ADASYN/DL_ADASYN_50_train.png>
Package pdftex.def Info: figuras/Experimento5/ADASYN/DL_ADASYN_50_train.png  us
ed on input line 297.
(pdftex.def)             Requested size: 386.95897pt x 221.12341pt.

LaTeX Warning: `!h' float specifier changed to `!ht'.

<figuras/Experimento5/ADASYN/DL_ADASYN_100_train.png, id=1042, 1011.78pt x 578.
16pt>
File: figuras/Experimento5/ADASYN/DL_ADASYN_100_train.png Graphic file (type pn
g)
<use figuras/Experimento5/ADASYN/DL_ADASYN_100_train.png>
Package pdftex.def Info: figuras/Experimento5/ADASYN/DL_ADASYN_100_train.png  u
sed on input line 304.
(pdftex.def)             Requested size: 386.95897pt x 221.12341pt.

LaTeX Warning: `!h' float specifier changed to `!ht'.

<figuras/Experimento5/CNN/CNN_1_train.png, id=1043, 1011.78pt x 578.16pt>
File: figuras/Experimento5/CNN/CNN_1_train.png Graphic file (type png)
<use figuras/Experimento5/CNN/CNN_1_train.png>
Package pdftex.def Info: figuras/Experimento5/CNN/CNN_1_train.png  used on inpu
t line 311.
(pdftex.def)             Requested size: 386.95897pt x 221.12341pt.

LaTeX Warning: `!h' float specifier changed to `!ht'.

<figuras/Experimento5/CNN/CNN_20_train.png, id=1044, 1011.78pt x 578.16pt>
File: figuras/Experimento5/CNN/CNN_20_train.png Graphic file (type png)
<use figuras/Experimento5/CNN/CNN_20_train.png>
Package pdftex.def Info: figuras/Experimento5/CNN/CNN_20_train.png  used on inp
ut line 318.
(pdftex.def)             Requested size: 386.95897pt x 221.12341pt.

LaTeX Warning: `!h' float specifier changed to `!ht'.

<figuras/Experimento5/CNN/CNN_50_train.png, id=1045, 1011.78pt x 578.16pt>
File: figuras/Experimento5/CNN/CNN_50_train.png Graphic file (type png)
<use figuras/Experimento5/CNN/CNN_50_train.png>
Package pdftex.def Info: figuras/Experimento5/CNN/CNN_50_train.png  used on inp
ut line 325.
(pdftex.def)             Requested size: 386.95897pt x 221.12341pt.

LaTeX Warning: `!h' float specifier changed to `!ht'.

<figuras/Experimento5/CNN/CNN_100_train.png, id=1046, 1011.78pt x 578.16pt>
File: figuras/Experimento5/CNN/CNN_100_train.png Graphic file (type png)
<use figuras/Experimento5/CNN/CNN_100_train.png>
Package pdftex.def Info: figuras/Experimento5/CNN/CNN_100_train.png  used on in
put line 332.
(pdftex.def)             Requested size: 386.95897pt x 221.12341pt.

LaTeX Warning: `!h' float specifier changed to `!ht'.

<figuras/Experimento5/AE/AE_1_train.png, id=1047, 1011.78pt x 578.16pt>
File: figuras/Experimento5/AE/AE_1_train.png Graphic file (type png)
<use figuras/Experimento5/AE/AE_1_train.png>
Package pdftex.def Info: figuras/Experimento5/AE/AE_1_train.png  used on input 
line 339.
(pdftex.def)             Requested size: 386.95897pt x 221.12341pt.

LaTeX Warning: `!h' float specifier changed to `!ht'.

<figuras/Experimento5/AE/AE_20_train.png, id=1048, 1011.78pt x 578.16pt>
File: figuras/Experimento5/AE/AE_20_train.png Graphic file (type png)
<use figuras/Experimento5/AE/AE_20_train.png>
Package pdftex.def Info: figuras/Experimento5/AE/AE_20_train.png  used on input
 line 346.
(pdftex.def)             Requested size: 386.95897pt x 221.12341pt.

LaTeX Warning: `!h' float specifier changed to `!ht'.

<figuras/Experimento5/AE/AE_50_train.png, id=1049, 1011.78pt x 578.16pt>
File: figuras/Experimento5/AE/AE_50_train.png Graphic file (type png)
<use figuras/Experimento5/AE/AE_50_train.png>
Package pdftex.def Info: figuras/Experimento5/AE/AE_50_train.png  used on input
 line 353.
(pdftex.def)             Requested size: 386.95897pt x 221.12341pt.

LaTeX Warning: `!h' float specifier changed to `!ht'.

<figuras/Experimento5/AE/AE_100_train.png, id=1050, 1011.78pt x 578.16pt>
File: figuras/Experimento5/AE/AE_100_train.png Graphic file (type png)
<use figuras/Experimento5/AE/AE_100_train.png>
Package pdftex.def Info: figuras/Experimento5/AE/AE_100_train.png  used on inpu
t line 360.
(pdftex.def)             Requested size: 386.95897pt x 221.12341pt.

LaTeX Warning: `!h' float specifier changed to `!ht'.

<figuras/Experimento5/DAE/DAE_1_train.png, id=1051, 1011.78pt x 578.16pt>
File: figuras/Experimento5/DAE/DAE_1_train.png Graphic file (type png)
<use figuras/Experimento5/DAE/DAE_1_train.png>
Package pdftex.def Info: figuras/Experimento5/DAE/DAE_1_train.png  used on inpu
t line 367.
(pdftex.def)             Requested size: 386.95897pt x 221.12341pt.

LaTeX Warning: `!h' float specifier changed to `!ht'.

<figuras/Experimento5/DAE/DAE_20_train.png, id=1052, 1011.78pt x 578.16pt>
File: figuras/Experimento5/DAE/DAE_20_train.png Graphic file (type png)
<use figuras/Experimento5/DAE/DAE_20_train.png>
Package pdftex.def Info: figuras/Experimento5/DAE/DAE_20_train.png  used on inp
ut line 374.
(pdftex.def)             Requested size: 386.95897pt x 221.12341pt.

LaTeX Warning: `!h' float specifier changed to `!ht'.

<figuras/Experimento5/DAE/DAE_50_train.png, id=1053, 1011.78pt x 578.16pt>
File: figuras/Experimento5/DAE/DAE_50_train.png Graphic file (type png)
<use figuras/Experimento5/DAE/DAE_50_train.png>
Package pdftex.def Info: figuras/Experimento5/DAE/DAE_50_train.png  used on inp
ut line 381.
(pdftex.def)             Requested size: 386.95897pt x 221.12341pt.

LaTeX Warning: `!h' float specifier changed to `!ht'.

<figuras/Experimento5/DAE/DAE_100_train.png, id=1054, 1011.78pt x 578.16pt>
File: figuras/Experimento5/DAE/DAE_100_train.png Graphic file (type png)
<use figuras/Experimento5/DAE/DAE_100_train.png>
Package pdftex.def Info: figuras/Experimento5/DAE/DAE_100_train.png  used on in
put line 388.
(pdftex.def)             Requested size: 386.95897pt x 221.12341pt.

LaTeX Warning: `!h' float specifier changed to `!ht'.

<figuras/Experimento5/RNN/RNN_1_train.png, id=1055, 1011.78pt x 578.16pt>
File: figuras/Experimento5/RNN/RNN_1_train.png Graphic file (type png)
<use figuras/Experimento5/RNN/RNN_1_train.png>
Package pdftex.def Info: figuras/Experimento5/RNN/RNN_1_train.png  used on inpu
t line 395.
(pdftex.def)             Requested size: 386.95897pt x 221.12341pt.

LaTeX Warning: `!h' float specifier changed to `!ht'.

<figuras/Experimento5/RNN/RNN_20_train.png, id=1056, 1011.78pt x 578.16pt>
File: figuras/Experimento5/RNN/RNN_20_train.png Graphic file (type png)
<use figuras/Experimento5/RNN/RNN_20_train.png>
Package pdftex.def Info: figuras/Experimento5/RNN/RNN_20_train.png  used on inp
ut line 402.
(pdftex.def)             Requested size: 386.95897pt x 221.12341pt.

LaTeX Warning: `!h' float specifier changed to `!ht'.

<figuras/Experimento5/RNN/RNN_50_train.png, id=1057, 1011.78pt x 578.16pt>
File: figuras/Experimento5/RNN/RNN_50_train.png Graphic file (type png)
<use figuras/Experimento5/RNN/RNN_50_train.png>
Package pdftex.def Info: figuras/Experimento5/RNN/RNN_50_train.png  used on inp
ut line 409.
(pdftex.def)             Requested size: 386.95897pt x 221.12341pt.

LaTeX Warning: `!h' float specifier changed to `!ht'.

<figuras/Experimento5/RNN/RNN_100_train.png, id=1058, 1011.78pt x 578.16pt>
File: figuras/Experimento5/RNN/RNN_100_train.png Graphic file (type png)
<use figuras/Experimento5/RNN/RNN_100_train.png>
Package pdftex.def Info: figuras/Experimento5/RNN/RNN_100_train.png  used on in
put line 416.
(pdftex.def)             Requested size: 386.95897pt x 221.12341pt.

LaTeX Warning: `!h' float specifier changed to `!ht'.

<figuras/Experimento5/LSTM/LSTM_1_train.png, id=1059, 1011.78pt x 578.16pt>
File: figuras/Experimento5/LSTM/LSTM_1_train.png Graphic file (type png)
<use figuras/Experimento5/LSTM/LSTM_1_train.png>
Package pdftex.def Info: figuras/Experimento5/LSTM/LSTM_1_train.png  used on in
put line 423.
(pdftex.def)             Requested size: 386.95897pt x 221.12341pt.

LaTeX Warning: `!h' float specifier changed to `!ht'.

<figuras/Experimento5/LSTM/LSTM_20_train.png, id=1060, 1011.78pt x 578.16pt>
File: figuras/Experimento5/LSTM/LSTM_20_train.png Graphic file (type png)
<use figuras/Experimento5/LSTM/LSTM_20_train.png>
Package pdftex.def Info: figuras/Experimento5/LSTM/LSTM_20_train.png  used on i
nput line 430.
(pdftex.def)             Requested size: 386.95897pt x 221.12341pt.

LaTeX Warning: `!h' float specifier changed to `!ht'.

<figuras/Experimento5/LSTM/LSTM_50_train.png, id=1061, 1011.78pt x 578.16pt>
File: figuras/Experimento5/LSTM/LSTM_50_train.png Graphic file (type png)
<use figuras/Experimento5/LSTM/LSTM_50_train.png>
Package pdftex.def Info: figuras/Experimento5/LSTM/LSTM_50_train.png  used on i
nput line 437.
(pdftex.def)             Requested size: 386.95897pt x 221.12341pt.

LaTeX Warning: `!h' float specifier changed to `!ht'.

<figuras/Experimento5/LSTM/LSTM_100_train.png, id=1062, 1011.78pt x 578.16pt>
File: figuras/Experimento5/LSTM/LSTM_100_train.png Graphic file (type png)
<use figuras/Experimento5/LSTM/LSTM_100_train.png>
Package pdftex.def Info: figuras/Experimento5/LSTM/LSTM_100_train.png  used on 
input line 444.
(pdftex.def)             Requested size: 386.95897pt x 221.12341pt.

LaTeX Warning: `!h' float specifier changed to `!ht'.

<figuras/Experimento5/BPNN/BPNN_1_train.png, id=1063, 1011.78pt x 578.16pt>
File: figuras/Experimento5/BPNN/BPNN_1_train.png Graphic file (type png)
<use figuras/Experimento5/BPNN/BPNN_1_train.png>
Package pdftex.def Info: figuras/Experimento5/BPNN/BPNN_1_train.png  used on in
put line 451.
(pdftex.def)             Requested size: 386.95897pt x 221.12341pt.

LaTeX Warning: `!h' float specifier changed to `!ht'.

<figuras/Experimento5/BPNN/BPNN_20_train.png, id=1064, 1011.78pt x 578.16pt>
File: figuras/Experimento5/BPNN/BPNN_20_train.png Graphic file (type png)
<use figuras/Experimento5/BPNN/BPNN_20_train.png>
Package pdftex.def Info: figuras/Experimento5/BPNN/BPNN_20_train.png  used on i
nput line 458.
(pdftex.def)             Requested size: 386.95897pt x 221.12341pt.

LaTeX Warning: `!h' float specifier changed to `!ht'.

<figuras/Experimento5/BPNN/BPNN_50_train.png, id=1065, 1011.78pt x 578.16pt>
File: figuras/Experimento5/BPNN/BPNN_50_train.png Graphic file (type png)
<use figuras/Experimento5/BPNN/BPNN_50_train.png>
Package pdftex.def Info: figuras/Experimento5/BPNN/BPNN_50_train.png  used on i
nput line 465.
(pdftex.def)             Requested size: 386.95897pt x 221.12341pt.

LaTeX Warning: `!h' float specifier changed to `!ht'.

<figuras/Experimento5/BPNN/BPNN_100_train.png, id=1066, 1011.78pt x 578.16pt>
File: figuras/Experimento5/BPNN/BPNN_100_train.png Graphic file (type png)
<use figuras/Experimento5/BPNN/BPNN_100_train.png>
Package pdftex.def Info: figuras/Experimento5/BPNN/BPNN_100_train.png  used on 
input line 472.
(pdftex.def)             Requested size: 386.95897pt x 221.12341pt.

LaTeX Warning: `!h' float specifier changed to `!ht'.


Overfull \hbox (59.50266pt too wide) in alignment at lines 477--480
 [] [] [] [] [] [] 
 []


Overfull \hbox (59.50266pt too wide) in alignment at lines 480--483
 [] [] [] [] [] [] 
 []


Overfull \hbox (59.50266pt too wide) in alignment at lines 483--641
 [] [] [] [] [] [] 
 []

[82] [83] [84] [85]) [86] [87 <./figuras/Experimento2/ML_OverSampler_test.png> 
<./figuras/Experimento2/ML_SMOTE_test.png>] [88 <./figuras/Experimento2/ML_ADAS
YN_test.png> <./figuras/Experimento5/Imbalanced/DL_imbalanced_1_train.png>]
[89 <./figuras/Experimento5/Imbalanced/DL_imbalanced_20_train.png> <./figuras/E
xperimento5/Imbalanced/DL_imbalanced_50_train.png>] [90 <./figuras/Experimento5
/Imbalanced/DL_imbalanced_100_train.png> <./figuras/Experimento5/UnderSampler/D
L_UnderSampler_1_train.png>] [91 <./figuras/Experimento5/UnderSampler/DL_UnderS
ampler_20_train.png> <./figuras/Experimento5/UnderSampler/DL_UnderSampler_50_tr
ain.png>] [92 <./figuras/Experimento5/UnderSampler/DL_UnderSampler_100_train.pn
g> <./figuras/Experimento5/OverSampler/DL_OverSampler_1_train.png>] [93 <./figu
ras/Experimento5/OverSampler/DL_OverSampler_20_train.png> <./figuras/Experiment
o5/OverSampler/DL_OverSampler_50_train.png>] [94 <./figuras/Experimento5/OverSa
mpler/DL_OverSampler_100_train.png> <./figuras/Experimento5/SMOTE/DL_SMOTE_1_tr
ain.png>] [95 <./figuras/Experimento5/SMOTE/DL_SMOTE_20_train.png> <./figuras/E
xperimento5/SMOTE/DL_SMOTE_50_train.png>] [96 <./figuras/Experimento5/SMOTE/DL_
SMOTE_100_train.png> <./figuras/Experimento5/ADASYN/DL_ADASYN_1_train.png>]
[97 <./figuras/Experimento5/ADASYN/DL_ADASYN_20_train.png> <./figuras/Experimen
to5/ADASYN/DL_ADASYN_50_train.png>] [98 <./figuras/Experimento5/ADASYN/DL_ADASY
N_100_train.png> <./figuras/Experimento5/CNN/CNN_1_train.png>] [99 <./figuras/E
xperimento5/CNN/CNN_20_train.png> <./figuras/Experimento5/CNN/CNN_50_train.png>
] [100 <./figuras/Experimento5/CNN/CNN_100_train.png> <./figuras/Experimento5/A
E/AE_1_train.png>] [101 <./figuras/Experimento5/AE/AE_20_train.png> <./figuras/
Experimento5/AE/AE_50_train.png>] [102 <./figuras/Experimento5/AE/AE_100_train.
png> <./figuras/Experimento5/DAE/DAE_1_train.png>] [103 <./figuras/Experimento5
/DAE/DAE_20_train.png> <./figuras/Experimento5/DAE/DAE_50_train.png>] [104 <./f
iguras/Experimento5/DAE/DAE_100_train.png> <./figuras/Experimento5/RNN/RNN_1_tr
ain.png>] [105 <./figuras/Experimento5/RNN/RNN_20_train.png> <./figuras/Experim
ento5/RNN/RNN_50_train.png>] [106 <./figuras/Experimento5/RNN/RNN_100_train.png
> <./figuras/Experimento5/LSTM/LSTM_1_train.png>] [107 <./figuras/Experimento5/
LSTM/LSTM_20_train.png> <./figuras/Experimento5/LSTM/LSTM_50_train.png>]
[108 <./figuras/Experimento5/LSTM/LSTM_100_train.png> <./figuras/Experimento5/B
PNN/BPNN_1_train.png>] [109 <./figuras/Experimento5/BPNN/BPNN_20_train.png> <./
figuras/Experimento5/BPNN/BPNN_50_train.png>] [110 <./figuras/Experimento5/BPNN
/BPNN_100_train.png>] (./principal.aux (./portada.aux) (./resumen.aux)
(./introduccion.aux) (./Capitulo1.aux) (./Capitulo2.aux) (./Capitulo3.aux)
(./Conclusiones.aux) (./Referencias.aux) (./anexos.aux))
Package rerunfilecheck Info: File `principal.out' has not changed.
(rerunfilecheck)             Checksum: 820AE013D0CC5BE017D67C7B77C20407;11311.
 ) 
Here is how much of TeX's memory you used:
 23262 strings out of 478599
 438664 string characters out of 5858101
 1006928 words of memory out of 5000000
 40200 multiletter control sequences out of 15000+600000
 416668 words of font info for 79 fonts, out of 8000000 for 9000
 1141 hyphenation exceptions out of 8191
 84i,11n,89p,1558b,1103s stack positions out of 5000i,500n,10000p,200000b,80000s
{c:/texlive/2021/texmf-dist/fonts/enc/dvips/cm-super/cm-super-ts1.enc}<c:/tex
live/2021/texmf-dist/fonts/type1/public/amsfonts/cm/cmbx10.pfb><c:/texlive/2021
/texmf-dist/fonts/type1/public/amsfonts/cm/cmbx12.pfb><c:/texlive/2021/texmf-di
st/fonts/type1/public/amsfonts/cm/cmbxti10.pfb><c:/texlive/2021/texmf-dist/font
s/type1/public/amsfonts/cm/cmcsc10.pfb><c:/texlive/2021/texmf-dist/fonts/type1/
public/amsfonts/cm/cmex10.pfb><c:/texlive/2021/texmf-dist/fonts/type1/public/am
sfonts/cmextra/cmex8.pfb><c:/texlive/2021/texmf-dist/fonts/type1/public/amsfont
s/cm/cmmi12.pfb><c:/texlive/2021/texmf-dist/fonts/type1/public/amsfonts/cm/cmmi
6.pfb><c:/texlive/2021/texmf-dist/fonts/type1/public/amsfonts/cm/cmmi8.pfb><c:/
texlive/2021/texmf-dist/fonts/type1/public/amsfonts/cm/cmr10.pfb><c:/texlive/20
21/texmf-dist/fonts/type1/public/amsfonts/cm/cmr12.pfb><c:/texlive/2021/texmf-d
ist/fonts/type1/public/amsfonts/cm/cmr17.pfb><c:/texlive/2021/texmf-dist/fonts/
type1/public/amsfonts/cm/cmr7.pfb><c:/texlive/2021/texmf-dist/fonts/type1/publi
c/amsfonts/cm/cmr8.pfb><c:/texlive/2021/texmf-dist/fonts/type1/public/amsfonts/
cm/cmsl12.pfb><c:/texlive/2021/texmf-dist/fonts/type1/public/amsfonts/cm/cmsy10
.pfb><c:/texlive/2021/texmf-dist/fonts/type1/public/amsfonts/cm/cmsy6.pfb><c:/t
exlive/2021/texmf-dist/fonts/type1/public/amsfonts/cm/cmsy8.pfb><c:/texlive/202
1/texmf-dist/fonts/type1/public/amsfonts/cm/cmti10.pfb><c:/texlive/2021/texmf-d
ist/fonts/type1/public/amsfonts/cm/cmti12.pfb><c:/texlive/2021/texmf-dist/fonts
/type1/public/amsfonts/cm/cmtt12.pfb><c:/texlive/2021/texmf-dist/fonts/type1/pu
blic/amsfonts/symbols/msam10.pfb><c:/texlive/2021/texmf-dist/fonts/type1/public
/cm-super/sfrm1200.pfb>
Output written on principal.pdf (110 pages, 6731331 bytes).
PDF statistics:
 1426 PDF objects out of 1440 (max. 8388607)
 1136 compressed objects within 12 object streams
 419 named destinations out of 1000 (max. 500000)
 598 words of extra memory for PDF output out of 10000 (max. 10000000)

